---------------------------------------------------------------
[ 2019-09-17T19:47:08+08:00 ] 221.218.212.238 GET frcw1.52codes.cn/
[运行时间：0.145259s] [吞吐率：6.88req/s] [内存消耗：3,664.53kb] [文件加载：53]
[ info ] [ LANG ] /www/wwwroot/frcw1.52codes.cn/thinkphp/lang/zh-cn.php
[ info ] [ ROUTE ] array (
  'type' => 'module',
  'module' => 
  array (
    0 => '',
    1 => NULL,
    2 => NULL,
  ),
)
[ info ] [ HEADER ] array (
  'host' => 'frcw1.52codes.cn',
  'connection' => 'keep-alive',
  'upgrade-insecure-requests' => '1',
  'user-agent' => 'Mozilla/5.0 (Windows NT 10.0; Win64; x64) AppleWebKit/537.36 (KHTML, like Gecko) Chrome/76.0.3809.132 Safari/537.36',
  'accept' => 'text/html,application/xhtml+xml,application/xml;q=0.9,image/webp,image/apng,*/*;q=0.8,application/signed-exchange;v=b3',
  'referer' => 'http://149.129.106.35:1229/site',
  'accept-encoding' => 'gzip, deflate',
  'accept-language' => 'zh-CN,zh;q=0.9',
  'content-type' => '',
  'content-length' => '',
)
[ info ] [ PARAM ] array (
)
[ info ] [ LANG ] /www/wwwroot/frcw1.52codes.cn/public/../app/index/lang/zh-cn.php
[ info ] [ DB ] INIT mysql
[ info ] [ LOG ] INIT File
[ sql ] [ DB ] CONNECT:[ UseTime:0.000477s ] mysql:host=127.0.0.1;dbname=frcw1;charset=utf8
[ sql ] [ SQL ] SHOW COLUMNS FROM `clt_system` [ RunTime:0.010630s ]
[ sql ] [ SQL ] SELECT `open` FROM `clt_system` WHERE  `id` = 1 LIMIT 1 [ RunTime:0.002032s ]
---------------------------------------------------------------
[ 2019-09-17T19:47:08+08:00 ] 221.218.212.238 GET frcw1.52codes.cn/index/user/logins.html
[运行时间：0.034556s] [吞吐率：28.94req/s] [内存消耗：2,530.47kb] [文件加载：45]
[ info ] [ LANG ] /www/wwwroot/frcw1.52codes.cn/thinkphp/lang/zh-cn.php
[ info ] [ ROUTE ] array (
  'type' => 'module',
  'module' => 
  array (
    0 => 'index',
    1 => 'user',
    2 => 'logins',
  ),
)
[ info ] [ HEADER ] array (
  'host' => 'frcw1.52codes.cn',
  'connection' => 'keep-alive',
  'upgrade-insecure-requests' => '1',
  'user-agent' => 'Mozilla/5.0 (Windows NT 10.0; Win64; x64) AppleWebKit/537.36 (KHTML, like Gecko) Chrome/76.0.3809.132 Safari/537.36',
  'accept' => 'text/html,application/xhtml+xml,application/xml;q=0.9,image/webp,image/apng,*/*;q=0.8,application/signed-exchange;v=b3',
  'referer' => 'http://149.129.106.35:1229/site',
  'accept-encoding' => 'gzip, deflate',
  'accept-language' => 'zh-CN,zh;q=0.9',
  'cookie' => 'PHPSESSID=9ieotlftr9imrme63qkr624446',
  'content-type' => '',
  'content-length' => '',
)
[ info ] [ PARAM ] array (
)
[ info ] [ LANG ] /www/wwwroot/frcw1.52codes.cn/public/../app/index/lang/zh-cn.php
[ info ] [ RUN ] app\index\controller\User->logins[ /www/wwwroot/frcw1.52codes.cn/app/index/controller/User.php ]
[ info ] [ VIEW ] /www/wwwroot/frcw1.52codes.cn/public/../app/index/view/user/logins.html [ array (
) ]
[ info ] [ LOG ] INIT File
---------------------------------------------------------------
[ 2019-09-17T19:47:08+08:00 ] 221.218.212.238 GET frcw1.52codes.cn/index/user/createverify.html
[运行时间：0.037666s] [吞吐率：26.55req/s] [内存消耗：2,500.58kb] [文件加载：43]
[ info ] [ LANG ] /www/wwwroot/frcw1.52codes.cn/thinkphp/lang/zh-cn.php
[ info ] [ ROUTE ] array (
  'type' => 'module',
  'module' => 
  array (
    0 => 'index',
    1 => 'user',
    2 => 'createverify',
  ),
)
[ info ] [ HEADER ] array (
  'host' => 'frcw1.52codes.cn',
  'connection' => 'keep-alive',
  'user-agent' => 'Mozilla/5.0 (Windows NT 10.0; Win64; x64) AppleWebKit/537.36 (KHTML, like Gecko) Chrome/76.0.3809.132 Safari/537.36',
  'accept' => 'image/webp,image/apng,image/*,*/*;q=0.8',
  'referer' => 'http://frcw1.52codes.cn/index/user/logins.html',
  'accept-encoding' => 'gzip, deflate',
  'accept-language' => 'zh-CN,zh;q=0.9',
  'cookie' => 'PHPSESSID=9ieotlftr9imrme63qkr624446',
  'content-type' => '',
  'content-length' => '',
)
[ info ] [ PARAM ] array (
)
[ info ] [ LANG ] /www/wwwroot/frcw1.52codes.cn/public/../app/index/lang/zh-cn.php
[ info ] [ RUN ] app\index\controller\User->createVerify[ /www/wwwroot/frcw1.52codes.cn/app/index/controller/User.php ]
[ info ] [ SESSION ] INIT array (
  'id' => '',
  'var_session_id' => '',
  'prefix' => 'think',
  'type' => '',
  'auto_start' => true,
)
[ info ] [ LOG ] INIT File
