---------------------------------------------------------------
[ 2019-08-15T09:41:54+08:00 ] 221.218.209.110 GET frcw1.52codes.cn/
[运行时间：0.151275s] [吞吐率：6.61req/s] [内存消耗：3,665.13kb] [文件加载：53]
[ info ] [ LANG ] /www/wwwroot/frcw1.52codes.cn/thinkphp/lang/zh-cn.php
[ info ] [ ROUTE ] array (
  'type' => 'module',
  'module' => 
  array (
    0 => '',
    1 => NULL,
    2 => NULL,
  ),
)
[ info ] [ HEADER ] array (
  'host' => 'frcw1.52codes.cn',
  'connection' => 'keep-alive',
  'upgrade-insecure-requests' => '1',
  'user-agent' => 'Mozilla/5.0 (Linux; Android 9; BKL-AL20 Build/HUAWEIBKL-AL20; wv) AppleWebKit/537.36 (KHTML, like Gecko) Version/4.0 Chrome/66.0.3359.126 MQQBrowser/6.2 TBS/044807 Mobile Safari/537.36 V1_AND_SQ_8.1.0_1232_YYB_D QQ/8.1.0.4150 NetType/WIFI WebP/0.3.0 Pixel/1080 StatusBarHeight/72 SimpleUISwitch/0',
  'accept' => 'text/html,application/xhtml+xml,application/xml;q=0.9,image/webp,image/apng,image/sharpp,image/apng,image/tpg,*/*;q=0.8',
  'accept-encoding' => 'gzip, deflate',
  'accept-language' => 'zh-CN,en-US;q=0.9',
  'content-type' => '',
  'content-length' => '',
)
[ info ] [ PARAM ] array (
)
[ info ] [ LANG ] /www/wwwroot/frcw1.52codes.cn/public/../app/index/lang/zh-cn.php
[ info ] [ DB ] INIT mysql
[ info ] [ LOG ] INIT File
[ sql ] [ DB ] CONNECT:[ UseTime:0.001177s ] mysql:host=127.0.0.1;dbname=frcw1;charset=utf8
[ sql ] [ SQL ] SHOW COLUMNS FROM `clt_system` [ RunTime:0.035957s ]
[ sql ] [ SQL ] SELECT `open` FROM `clt_system` WHERE  `id` = 1 LIMIT 1 [ RunTime:0.003166s ]
---------------------------------------------------------------
[ 2019-08-15T09:41:54+08:00 ] 221.218.209.110 GET frcw1.52codes.cn/index/user/logins.html
[运行时间：0.028698s] [吞吐率：34.85req/s] [内存消耗：2,530.39kb] [文件加载：45]
[ info ] [ LANG ] /www/wwwroot/frcw1.52codes.cn/thinkphp/lang/zh-cn.php
[ info ] [ ROUTE ] array (
  'type' => 'module',
  'module' => 
  array (
    0 => 'index',
    1 => 'user',
    2 => 'logins',
  ),
)
[ info ] [ HEADER ] array (
  'host' => 'frcw1.52codes.cn',
  'connection' => 'keep-alive',
  'upgrade-insecure-requests' => '1',
  'user-agent' => 'Mozilla/5.0 (Linux; Android 9; BKL-AL20 Build/HUAWEIBKL-AL20; wv) AppleWebKit/537.36 (KHTML, like Gecko) Version/4.0 Chrome/66.0.3359.126 MQQBrowser/6.2 TBS/044807 Mobile Safari/537.36 V1_AND_SQ_8.1.0_1232_YYB_D QQ/8.1.0.4150 NetType/WIFI WebP/0.3.0 Pixel/1080 StatusBarHeight/72 SimpleUISwitch/0',
  'accept' => 'text/html,application/xhtml+xml,application/xml;q=0.9,image/webp,image/apng,image/sharpp,image/apng,image/tpg,*/*;q=0.8',
  'accept-encoding' => 'gzip, deflate',
  'accept-language' => 'zh-CN,en-US;q=0.9',
  'cookie' => 'PHPSESSID=f676skkr9fnovts3t11a0bb153',
  'content-type' => '',
  'content-length' => '',
)
[ info ] [ PARAM ] array (
)
[ info ] [ LANG ] /www/wwwroot/frcw1.52codes.cn/public/../app/index/lang/zh-cn.php
[ info ] [ RUN ] app\index\controller\User->logins[ /www/wwwroot/frcw1.52codes.cn/app/index/controller/User.php ]
[ info ] [ VIEW ] /www/wwwroot/frcw1.52codes.cn/public/../app/index/view/user/logins.html [ array (
) ]
[ info ] [ LOG ] INIT File
---------------------------------------------------------------
[ 2019-08-15T09:41:54+08:00 ] 221.218.209.110 GET frcw1.52codes.cn/index/user/createverify.html
[运行时间：0.030514s] [吞吐率：32.77req/s] [内存消耗：2,500.85kb] [文件加载：43]
[ info ] [ LANG ] /www/wwwroot/frcw1.52codes.cn/thinkphp/lang/zh-cn.php
[ info ] [ ROUTE ] array (
  'type' => 'module',
  'module' => 
  array (
    0 => 'index',
    1 => 'user',
    2 => 'createverify',
  ),
)
[ info ] [ HEADER ] array (
  'host' => 'frcw1.52codes.cn',
  'connection' => 'keep-alive',
  'user-agent' => 'Mozilla/5.0 (Linux; Android 9; BKL-AL20 Build/HUAWEIBKL-AL20; wv) AppleWebKit/537.36 (KHTML, like Gecko) Version/4.0 Chrome/66.0.3359.126 MQQBrowser/6.2 TBS/044807 Mobile Safari/537.36 V1_AND_SQ_8.1.0_1232_YYB_D QQ/8.1.0.4150 NetType/WIFI WebP/0.3.0 Pixel/1080 StatusBarHeight/72 SimpleUISwitch/0',
  'accept' => 'image/webp,image/sharpp,image/apng,image/tpg,image/*,*/*;q=0.8',
  'referer' => 'http://frcw1.52codes.cn/index/user/logins.html',
  'accept-encoding' => 'gzip, deflate',
  'accept-language' => 'zh-CN,en-US;q=0.9',
  'cookie' => 'PHPSESSID=f676skkr9fnovts3t11a0bb153',
  'content-type' => '',
  'content-length' => '',
)
[ info ] [ PARAM ] array (
)
[ info ] [ LANG ] /www/wwwroot/frcw1.52codes.cn/public/../app/index/lang/zh-cn.php
[ info ] [ RUN ] app\index\controller\User->createVerify[ /www/wwwroot/frcw1.52codes.cn/app/index/controller/User.php ]
[ info ] [ SESSION ] INIT array (
  'id' => '',
  'var_session_id' => '',
  'prefix' => 'think',
  'type' => '',
  'auto_start' => true,
)
[ info ] [ LOG ] INIT File
---------------------------------------------------------------
[ 2019-08-15T09:47:04+08:00 ] 101.89.239.230 GET frcw1.52codes.cn/index/user/logins.html
[运行时间：0.022159s] [吞吐率：45.13req/s] [内存消耗：2,528.40kb] [文件加载：45]
[ info ] [ LANG ] /www/wwwroot/frcw1.52codes.cn/thinkphp/lang/zh-cn.php
[ info ] [ ROUTE ] array (
  'type' => 'module',
  'module' => 
  array (
    0 => 'index',
    1 => 'user',
    2 => 'logins',
  ),
)
[ info ] [ HEADER ] array (
  'user-agent' => 'Mozilla/5.0 (Windows NT 6.1; WOW64) AppleWebKit/537.36 (KHTML, like Gecko) Chrome/43.0.2357.124 Safari/537.36',
  'accept' => '*/*',
  'accept-language' => 'zh-CN,zh;q=0.8,en-US;q=0.6,en;q=0.4',
  'host' => 'frcw1.52codes.cn',
  'connection' => 'keep-alive',
  'content-type' => '',
  'content-length' => '',
)
[ info ] [ PARAM ] array (
)
[ info ] [ LANG ] /www/wwwroot/frcw1.52codes.cn/public/../app/index/lang/zh-cn.php
[ info ] [ RUN ] app\index\controller\User->logins[ /www/wwwroot/frcw1.52codes.cn/app/index/controller/User.php ]
[ info ] [ VIEW ] /www/wwwroot/frcw1.52codes.cn/public/../app/index/view/user/logins.html [ array (
) ]
[ info ] [ LOG ] INIT File
---------------------------------------------------------------
[ 2019-08-15T13:36:23+08:00 ] 221.218.209.110 GET frcw1.52codes.cn/
[运行时间：0.237045s] [吞吐率：4.22req/s] [内存消耗：4,055.40kb] [文件加载：56]
[ info ] [ LANG ] /www/wwwroot/frcw1.52codes.cn/thinkphp/lang/zh-cn.php
[ info ] [ ROUTE ] array (
  'type' => 'module',
  'module' => 
  array (
    0 => '',
    1 => NULL,
    2 => NULL,
  ),
)
[ info ] [ HEADER ] array (
  'host' => 'frcw1.52codes.cn',
  'connection' => 'keep-alive',
  'upgrade-insecure-requests' => '1',
  'user-agent' => 'Mozilla/5.0 (Linux; Android 9; VOG-AL10 Build/HUAWEIVOG-AL10; wv) AppleWebKit/537.36 (KHTML, like Gecko) Version/4.0 Chrome/66.0.3359.126 MQQBrowser/6.2 TBS/044807 Mobile Safari/537.36 V1_AND_SQ_8.1.0_1232_YYB_D QQ/8.1.0.4150 NetType/WIFI WebP/0.3.0 Pixel/1080 StatusBarHeight/75 SimpleUISwitch/0',
  'accept' => 'text/html,application/xhtml+xml,application/xml;q=0.9,image/webp,image/apng,image/sharpp,image/apng,image/tpg,*/*;q=0.8',
  'accept-encoding' => 'gzip, deflate',
  'accept-language' => 'zh-CN,en-US;q=0.9',
  'cookie' => 'PHPSESSID=ppe4o14l3fe6iuvhi13ful4cd3; frcw_uid=8',
  'content-type' => '',
  'content-length' => '',
)
[ info ] [ PARAM ] array (
)
[ info ] [ LANG ] /www/wwwroot/frcw1.52codes.cn/public/../app/index/lang/zh-cn.php
[ info ] [ DB ] INIT mysql
[ info ] [ RUN ] app\index\controller\Index->index[ /www/wwwroot/frcw1.52codes.cn/app/index/controller/Index.php ]
[ info ] [ VIEW ] /www/wwwroot/frcw1.52codes.cn/public/../app/index/view/index/index.html [ array (
  0 => 'date_str',
  1 => 'price',
  2 => 'price_cur',
  3 => 'price_plus',
  4 => 'price_rate',
  5 => 'data_coin',
  6 => 'total_price',
  7 => 'level',
  8 => 'level2',
  9 => 'frcw_num',
  10 => 'cur_price',
  11 => 'list',
  12 => 'nav',
  13 => 'type',
  14 => 'status',
) ]
[ info ] [ LOG ] INIT File
[ sql ] [ DB ] CONNECT:[ UseTime:0.009734s ] mysql:host=127.0.0.1;dbname=frcw1;charset=utf8
[ sql ] [ SQL ] SHOW COLUMNS FROM `clt_system` [ RunTime:0.002301s ]
[ sql ] [ SQL ] SELECT `open` FROM `clt_system` WHERE  `id` = 1 LIMIT 1 [ RunTime:0.000408s ]
[ sql ] [ SQL ] SHOW COLUMNS FROM `clt_member` [ RunTime:0.002171s ]
[ sql ] [ SQL ] SELECT * FROM `clt_member` LIMIT 1 [ RunTime:0.003266s ]
[ sql ] [ SQL ] SHOW COLUMNS FROM `clt_usdt` [ RunTime:0.002038s ]
[ sql ] [ SQL ] SELECT `price` FROM `clt_usdt` ORDER BY `pub_time` DESC LIMIT 1 [ RunTime:0.002152s ]
[ sql ] [ SQL ] SHOW COLUMNS FROM `clt_frcw` [ RunTime:0.002280s ]
[ sql ] [ SQL ] SELECT `price` FROM `clt_frcw` ORDER BY `pub_time` DESC LIMIT 1 [ RunTime:0.002030s ]
[ sql ] [ SQL ] SELECT `price` FROM `clt_frcw` ORDER BY `pub_time` DESC LIMIT 1 [ RunTime:0.000248s ]
[ sql ] [ SQL ] SHOW COLUMNS FROM `clt_lianghua` [ RunTime:0.002098s ]
[ sql ] [ SQL ] SELECT * FROM `clt_lianghua` WHERE  `uid` = 8  AND `status` = 0 [ RunTime:0.002190s ]
[ sql ] [ SQL ] SELECT * FROM `clt_frcw` ORDER BY `pub_time` DESC LIMIT 1,7 [ RunTime:0.000251s ]
[ sql ] [ SQL ] SELECT * FROM `clt_frcw` ORDER BY `pub_time` DESC LIMIT 1 [ RunTime:0.000191s ]
[ sql ] [ SQL ] SELECT * FROM `clt_frcw` ORDER BY `pub_time` DESC LIMIT 1,1 [ RunTime:0.000186s ]
[ sql ] [ SQL ] SELECT * FROM `clt_member` WHERE  `id` = 8 LIMIT 1 [ RunTime:0.000275s ]
[ sql ] [ SQL ] SHOW COLUMNS FROM `clt_coin_name` [ RunTime:0.004423s ]
[ sql ] [ SQL ] SELECT * FROM `clt_coin_name` WHERE  `open` <> 1  AND `id` IN (4,3,5) [ RunTime:0.002127s ]
[ sql ] [ SQL ] SHOW COLUMNS FROM `clt_coin` [ RunTime:0.003067s ]
[ sql ] [ SQL ] SELECT `btc` FROM `clt_coin` WHERE  `member_id` = 8 LIMIT 1 [ RunTime:0.002029s ]
[ sql ] [ SQL ] SELECT `usdt` FROM `clt_coin` WHERE  `member_id` = 8 LIMIT 1 [ RunTime:0.000466s ]
[ sql ] [ SQL ] SELECT `eth` FROM `clt_coin` WHERE  `member_id` = 8 LIMIT 1 [ RunTime:0.000255s ]
[ sql ] [ SQL ] SELECT `frcw` FROM `clt_coin` WHERE  `member_id` = 8 LIMIT 1 [ RunTime:0.000467s ]
[ sql ] [ SQL ] SELECT MAX(price) AS tp_max FROM `clt_frcw` LIMIT 1 [ RunTime:0.000332s ]
[ sql ] [ SQL ] SELECT * FROM `clt_frcw` ORDER BY `pub_time` DESC LIMIT 1 [ RunTime:0.000236s ]
[ sql ] [ SQL ] SELECT * FROM `clt_member` WHERE  `id` = 8 LIMIT 1 [ RunTime:0.000304s ]
[ sql ] [ SQL ] SELECT * FROM `clt_frcw` ORDER BY `pub_time` DESC LIMIT 1 [ RunTime:0.000219s ]
[ sql ] [ SQL ] SELECT `frcw` FROM `clt_coin` WHERE  `member_id` = 8 LIMIT 1 [ RunTime:0.000226s ]
[ sql ] [ SQL ] SHOW COLUMNS FROM `clt_lunbo` [ RunTime:0.002560s ]
[ sql ] [ SQL ] SELECT * FROM `clt_lunbo` WHERE  `type` = 1 [ RunTime:0.002270s ]
---------------------------------------------------------------
[ 2019-08-15T13:36:25+08:00 ] 221.218.209.110 GET frcw1.52codes.cn/index/market/index/nav/2.html
[运行时间：0.108477s] [吞吐率：9.22req/s] [内存消耗：3,752.01kb] [文件加载：54]
[ info ] [ LANG ] /www/wwwroot/frcw1.52codes.cn/thinkphp/lang/zh-cn.php
[ info ] [ ROUTE ] array (
  'type' => 'module',
  'module' => 
  array (
    0 => 'index',
    1 => 'market',
    2 => 'index',
  ),
)
[ info ] [ HEADER ] array (
  'host' => 'frcw1.52codes.cn',
  'connection' => 'keep-alive',
  'upgrade-insecure-requests' => '1',
  'user-agent' => 'Mozilla/5.0 (Linux; Android 9; VOG-AL10 Build/HUAWEIVOG-AL10; wv) AppleWebKit/537.36 (KHTML, like Gecko) Version/4.0 Chrome/66.0.3359.126 MQQBrowser/6.2 TBS/044807 Mobile Safari/537.36 V1_AND_SQ_8.1.0_1232_YYB_D QQ/8.1.0.4150 NetType/WIFI WebP/0.3.0 Pixel/1080 StatusBarHeight/75 SimpleUISwitch/0',
  'accept' => 'text/html,application/xhtml+xml,application/xml;q=0.9,image/webp,image/apng,image/sharpp,image/apng,image/tpg,*/*;q=0.8',
  'referer' => 'http://frcw1.52codes.cn/',
  'accept-encoding' => 'gzip, deflate',
  'accept-language' => 'zh-CN,en-US;q=0.9',
  'cookie' => 'PHPSESSID=ppe4o14l3fe6iuvhi13ful4cd3; frcw_uid=8',
  'content-type' => '',
  'content-length' => '',
)
[ info ] [ PARAM ] array (
  'nav' => '2',
)
[ info ] [ LANG ] /www/wwwroot/frcw1.52codes.cn/public/../app/index/lang/zh-cn.php
[ info ] [ DB ] INIT mysql
[ info ] [ RUN ] app\index\controller\Market->index[ /www/wwwroot/frcw1.52codes.cn/app/index/controller/Market.php ]
[ info ] [ VIEW ] /www/wwwroot/frcw1.52codes.cn/public/../app/index/view/market/index.html [ array (
  0 => 'lists',
  1 => 'nav',
) ]
[ info ] [ LOG ] INIT File
[ sql ] [ DB ] CONNECT:[ UseTime:0.000418s ] mysql:host=127.0.0.1;dbname=frcw1;charset=utf8
[ sql ] [ SQL ] SHOW COLUMNS FROM `clt_system` [ RunTime:0.001138s ]
[ sql ] [ SQL ] SELECT `open` FROM `clt_system` WHERE  `id` = 1 LIMIT 1 [ RunTime:0.000317s ]
[ sql ] [ SQL ] SHOW COLUMNS FROM `clt_member` [ RunTime:0.000943s ]
[ sql ] [ SQL ] SELECT * FROM `clt_member` LIMIT 1 [ RunTime:0.000273s ]
[ sql ] [ SQL ] SHOW COLUMNS FROM `clt_usdt` [ RunTime:0.000794s ]
[ sql ] [ SQL ] SELECT `price` FROM `clt_usdt` ORDER BY `pub_time` DESC LIMIT 1 [ RunTime:0.000205s ]
[ sql ] [ SQL ] SHOW COLUMNS FROM `clt_usdth` [ RunTime:0.004135s ]
[ sql ] [ SQL ] SELECT `price` FROM `clt_usdth` ORDER BY `pub_time` DESC LIMIT 1 [ RunTime:0.002784s ]
[ sql ] [ SQL ] SHOW COLUMNS FROM `clt_usdtl` [ RunTime:0.002190s ]
[ sql ] [ SQL ] SELECT `price` FROM `clt_usdtl` ORDER BY `pub_time` DESC LIMIT 1 [ RunTime:0.001909s ]
[ sql ] [ SQL ] SHOW COLUMNS FROM `clt_coin_name` [ RunTime:0.001147s ]
[ sql ] [ SQL ] SELECT `name` FROM `clt_coin_name` ORDER BY `id` ASC [ RunTime:0.000318s ]
[ sql ] [ SQL ] SHOW COLUMNS FROM `clt_frcw` [ RunTime:0.000934s ]
[ sql ] [ SQL ] SELECT `price`,`pub_time` FROM `clt_frcw` ORDER BY `pub_time` DESC LIMIT 1 [ RunTime:0.000343s ]
[ sql ] [ SQL ] SELECT `price`,`pub_time` FROM `clt_frcw` ORDER BY `price` ASC LIMIT 1 [ RunTime:0.000249s ]
[ sql ] [ SQL ] SELECT `price`,`pub_time` FROM `clt_frcw` ORDER BY `price` DESC LIMIT 1 [ RunTime:0.000276s ]
[ sql ] [ SQL ] SHOW COLUMNS FROM `clt_cointimepinfo` [ RunTime:0.002255s ]
[ sql ] [ SQL ] SELECT * FROM `clt_cointimepinfo` WHERE  `coin` = 'eos' ORDER BY `id` DESC LIMIT 1 [ RunTime:0.005824s ]
[ sql ] [ SQL ] INSERT INTO `clt_cointimepinfo` (`coin` , `last` , `high` , `low` , `price` , `time`) VALUES ('eos' , '3.4894' , '4.1219' , '3.3313' , '3.4894' , '1565847385') [ RunTime:0.003204s ]
[ sql ] [ SQL ] SELECT * FROM `clt_cointimepinfo` WHERE  `coin` = 'ltc' ORDER BY `id` DESC LIMIT 1 [ RunTime:0.000392s ]
[ sql ] [ SQL ] INSERT INTO `clt_cointimepinfo` (`coin` , `last` , `high` , `low` , `price` , `time`) VALUES ('ltc' , '73.556' , '85.513' , '71.232' , '73.556' , '1565847385') [ RunTime:0.002846s ]
[ sql ] [ SQL ] SELECT * FROM `clt_cointimepinfo` WHERE  `coin` = 'btc' ORDER BY `id` DESC LIMIT 1 [ RunTime:0.000293s ]
[ sql ] [ SQL ] INSERT INTO `clt_cointimepinfo` (`coin` , `last` , `high` , `low` , `price` , `time`) VALUES ('btc' , '9748.72' , '10689.78' , '9650.01' , '9748.72' , '1565847385') [ RunTime:0.003655s ]
[ sql ] [ SQL ] SELECT * FROM `clt_cointimepinfo` WHERE  `coin` = 'usdt' ORDER BY `id` DESC LIMIT 1 [ RunTime:0.000339s ]
[ sql ] [ SQL ] INSERT INTO `clt_cointimepinfo` (`coin` , `last` , `high` , `low` , `price` , `time`) VALUES ('usdt' , '122' , '0.9956' , '0.9956' , '122' , '1565847385') [ RunTime:0.002463s ]
[ sql ] [ SQL ] SELECT `price`,`pub_time` FROM `clt_usdt` ORDER BY `pub_time` DESC LIMIT 1 [ RunTime:0.000251s ]
[ sql ] [ SQL ] SELECT `price`,`pub_time` FROM `clt_usdt` ORDER BY `price` ASC LIMIT 1 [ RunTime:0.000171s ]
[ sql ] [ SQL ] SELECT `price`,`pub_time` FROM `clt_usdt` ORDER BY `price` DESC LIMIT 1 [ RunTime:0.000185s ]
[ sql ] [ SQL ] SELECT * FROM `clt_cointimepinfo` WHERE  `coin` = 'eth' ORDER BY `id` DESC LIMIT 1 [ RunTime:0.000264s ]
[ sql ] [ SQL ] INSERT INTO `clt_cointimepinfo` (`coin` , `last` , `high` , `low` , `price` , `time`) VALUES ('eth' , '182.74' , '209.18' , '179.11' , '182.74' , '1565847385') [ RunTime:0.002519s ]
[ sql ] [ SQL ] SELECT * FROM `clt_cointimepinfo` WHERE  `coin` = 'etc' ORDER BY `id` DESC LIMIT 1 [ RunTime:0.000408s ]
[ sql ] [ SQL ] INSERT INTO `clt_cointimepinfo` (`coin` , `last` , `high` , `low` , `price` , `time`) VALUES ('etc' , '5.5147' , '6.0827' , '5.4036' , '5.5147' , '1565847385') [ RunTime:0.002720s ]
[ sql ] [ SQL ] SELECT * FROM `clt_cointimepinfo` WHERE  `coin` = 'xrp' ORDER BY `id` DESC LIMIT 1 [ RunTime:0.000321s ]
[ sql ] [ SQL ] INSERT INTO `clt_cointimepinfo` (`coin` , `last` , `high` , `low` , `price` , `time`) VALUES ('xrp' , '0.2577' , '0.2971' , '0.2336' , '0.2577' , '1565847385') [ RunTime:0.003812s ]
[ sql ] [ SQL ] SELECT * FROM `clt_cointimepinfo` WHERE  `coin` = 'bchsv' ORDER BY `id` DESC LIMIT 1 [ RunTime:0.000332s ]
[ sql ] [ SQL ] INSERT INTO `clt_cointimepinfo` (`coin` , `last` , `high` , `low` , `price` , `time`) VALUES ('bchsv' , '129.89' , '146.61' , '125.152' , '129.89' , '1565847385') [ RunTime:0.002760s ]
[ sql ] [ SQL ] SELECT * FROM `clt_cointimepinfo` WHERE  `coin` = 'doge' ORDER BY `id` DESC LIMIT 1 [ RunTime:0.000416s ]
[ sql ] [ SQL ] INSERT INTO `clt_cointimepinfo` (`coin` , `last` , `high` , `low` , `price` , `time`) VALUES ('doge' , '0.0026034' , '0.0028537' , '0.0025874' , '0.0026034' , '1565847385') [ RunTime:0.002301s ]
---------------------------------------------------------------
[ 2019-08-15T13:36:25+08:00 ] 58.251.121.184 GET frcw1.52codes.cn/index/market/index/nav/2.html
[运行时间：0.034298s] [吞吐率：29.16req/s] [内存消耗：3,584.67kb] [文件加载：53]
[ info ] [ LANG ] /www/wwwroot/frcw1.52codes.cn/thinkphp/lang/zh-cn.php
[ info ] [ ROUTE ] array (
  'type' => 'module',
  'module' => 
  array (
    0 => 'index',
    1 => 'market',
    2 => 'index',
  ),
)
[ info ] [ HEADER ] array (
  'host' => 'frcw1.52codes.cn',
  'accept-encoding' => 'deflate, gzip',
  'accept' => '*/*',
  'accept-language' => 'zh-cn',
  'user-agent' => 'Mozilla/5.0 (iPhone; CPU iPhone OS 9_3_4 like Mac OS X) AppleWebKit/601.1.46 (KHTML, like Gecko) Mobile/13G35 QQ/6.5.3.410 V1_IPH_SQ_6.5.3_1_APP_A Pixel/750 Core/UIWebView NetType/2G Mem/117',
  'connection' => 'Close',
  'content-type' => '',
  'content-length' => '',
)
[ info ] [ PARAM ] array (
  'nav' => '2',
)
[ info ] [ LANG ] /www/wwwroot/frcw1.52codes.cn/public/../app/index/lang/zh-cn.php
[ info ] [ DB ] INIT mysql
[ info ] [ LOG ] INIT File
[ sql ] [ DB ] CONNECT:[ UseTime:0.000403s ] mysql:host=127.0.0.1;dbname=frcw1;charset=utf8
[ sql ] [ SQL ] SHOW COLUMNS FROM `clt_system` [ RunTime:0.001143s ]
[ sql ] [ SQL ] SELECT `open` FROM `clt_system` WHERE  `id` = 1 LIMIT 1 [ RunTime:0.000300s ]
---------------------------------------------------------------
[ 2019-08-15T13:36:25+08:00 ] 58.251.121.184 GET frcw1.52codes.cn/index/user/logins.html
[运行时间：0.026212s] [吞吐率：38.15req/s] [内存消耗：2,529.50kb] [文件加载：45]
[ info ] [ LANG ] /www/wwwroot/frcw1.52codes.cn/thinkphp/lang/zh-cn.php
[ info ] [ ROUTE ] array (
  'type' => 'module',
  'module' => 
  array (
    0 => 'index',
    1 => 'user',
    2 => 'logins',
  ),
)
[ info ] [ HEADER ] array (
  'host' => 'frcw1.52codes.cn',
  'accept-encoding' => 'deflate, gzip',
  'referer' => 'http://frcw1.52codes.cn/index/market/index/nav/2.html',
  'accept' => '*/*',
  'accept-language' => 'zh-cn',
  'user-agent' => 'Mozilla/5.0 (iPhone; CPU iPhone OS 9_3_4 like Mac OS X) AppleWebKit/601.1.46 (KHTML, like Gecko) Mobile/13G35 QQ/6.5.3.410 V1_IPH_SQ_6.5.3_1_APP_A Pixel/750 Core/UIWebView NetType/2G Mem/117',
  'connection' => 'Close',
  'content-type' => '',
  'content-length' => '',
)
[ info ] [ PARAM ] array (
)
[ info ] [ LANG ] /www/wwwroot/frcw1.52codes.cn/public/../app/index/lang/zh-cn.php
[ info ] [ RUN ] app\index\controller\User->logins[ /www/wwwroot/frcw1.52codes.cn/app/index/controller/User.php ]
[ info ] [ VIEW ] /www/wwwroot/frcw1.52codes.cn/public/../app/index/view/user/logins.html [ array (
) ]
[ info ] [ LOG ] INIT File
---------------------------------------------------------------
[ 2019-08-15T13:36:26+08:00 ] 221.218.209.110 GET frcw1.52codes.cn/index/information/index/nav/3.html
[运行时间：0.039714s] [吞吐率：25.18req/s] [内存消耗：3,641.30kb] [文件加载：54]
[ info ] [ LANG ] /www/wwwroot/frcw1.52codes.cn/thinkphp/lang/zh-cn.php
[ info ] [ ROUTE ] array (
  'type' => 'module',
  'module' => 
  array (
    0 => 'index',
    1 => 'information',
    2 => 'index',
  ),
)
[ info ] [ HEADER ] array (
  'host' => 'frcw1.52codes.cn',
  'connection' => 'keep-alive',
  'upgrade-insecure-requests' => '1',
  'user-agent' => 'Mozilla/5.0 (Linux; Android 9; VOG-AL10 Build/HUAWEIVOG-AL10; wv) AppleWebKit/537.36 (KHTML, like Gecko) Version/4.0 Chrome/66.0.3359.126 MQQBrowser/6.2 TBS/044807 Mobile Safari/537.36 V1_AND_SQ_8.1.0_1232_YYB_D QQ/8.1.0.4150 NetType/WIFI WebP/0.3.0 Pixel/1080 StatusBarHeight/75 SimpleUISwitch/0',
  'accept' => 'text/html,application/xhtml+xml,application/xml;q=0.9,image/webp,image/apng,image/sharpp,image/apng,image/tpg,*/*;q=0.8',
  'referer' => 'http://frcw1.52codes.cn/index/market/index/nav/2.html',
  'accept-encoding' => 'gzip, deflate',
  'accept-language' => 'zh-CN,en-US;q=0.9',
  'cookie' => 'PHPSESSID=ppe4o14l3fe6iuvhi13ful4cd3; frcw_uid=8',
  'content-type' => '',
  'content-length' => '',
)
[ info ] [ PARAM ] array (
  'nav' => '3',
)
[ info ] [ LANG ] /www/wwwroot/frcw1.52codes.cn/public/../app/index/lang/zh-cn.php
[ info ] [ DB ] INIT mysql
[ info ] [ RUN ] app\index\controller\Information->index[ /www/wwwroot/frcw1.52codes.cn/app/index/controller/Information.php ]
[ info ] [ VIEW ] /www/wwwroot/frcw1.52codes.cn/public/../app/index/view/information/index.html [ array (
  0 => 'info',
  1 => 'nav',
) ]
[ info ] [ LOG ] INIT File
[ sql ] [ DB ] CONNECT:[ UseTime:0.000353s ] mysql:host=127.0.0.1;dbname=frcw1;charset=utf8
[ sql ] [ SQL ] SHOW COLUMNS FROM `clt_system` [ RunTime:0.001043s ]
[ sql ] [ SQL ] SELECT `open` FROM `clt_system` WHERE  `id` = 1 LIMIT 1 [ RunTime:0.000269s ]
[ sql ] [ SQL ] SHOW COLUMNS FROM `clt_member` [ RunTime:0.000881s ]
[ sql ] [ SQL ] SELECT * FROM `clt_member` LIMIT 1 [ RunTime:0.000264s ]
[ sql ] [ SQL ] SHOW COLUMNS FROM `clt_information` [ RunTime:0.002163s ]
[ sql ] [ SQL ] SELECT * FROM `clt_information` ORDER BY `id` DESC [ RunTime:0.002260s ]
---------------------------------------------------------------
[ 2019-08-15T13:36:26+08:00 ] 163.177.90.152 GET frcw1.52codes.cn/index/information/index/nav/3.html
[运行时间：0.030454s] [吞吐率：32.84req/s] [内存消耗：3,547.96kb] [文件加载：53]
[ info ] [ LANG ] /www/wwwroot/frcw1.52codes.cn/thinkphp/lang/zh-cn.php
[ info ] [ ROUTE ] array (
  'type' => 'module',
  'module' => 
  array (
    0 => 'index',
    1 => 'information',
    2 => 'index',
  ),
)
[ info ] [ HEADER ] array (
  'host' => 'frcw1.52codes.cn',
  'accept-encoding' => 'deflate, gzip',
  'accept' => '*/*',
  'accept-language' => 'zh-cn',
  'user-agent' => 'Mozilla/5.0 (iPhone; CPU iPhone OS 9_3_4 like Mac OS X) AppleWebKit/601.1.46 (KHTML, like Gecko) Mobile/13G35 QQ/6.5.3.410 V1_IPH_SQ_6.5.3_1_APP_A Pixel/750 Core/UIWebView NetType/2G Mem/117',
  'connection' => 'Close',
  'content-type' => '',
  'content-length' => '',
)
[ info ] [ PARAM ] array (
  'nav' => '3',
)
[ info ] [ LANG ] /www/wwwroot/frcw1.52codes.cn/public/../app/index/lang/zh-cn.php
[ info ] [ DB ] INIT mysql
[ info ] [ LOG ] INIT File
[ sql ] [ DB ] CONNECT:[ UseTime:0.000346s ] mysql:host=127.0.0.1;dbname=frcw1;charset=utf8
[ sql ] [ SQL ] SHOW COLUMNS FROM `clt_system` [ RunTime:0.001010s ]
[ sql ] [ SQL ] SELECT `open` FROM `clt_system` WHERE  `id` = 1 LIMIT 1 [ RunTime:0.000291s ]
---------------------------------------------------------------
[ 2019-08-15T13:36:26+08:00 ] 163.177.90.152 GET frcw1.52codes.cn/index/user/logins.html
[运行时间：0.024461s] [吞吐率：40.88req/s] [内存消耗：2,529.73kb] [文件加载：45]
[ info ] [ LANG ] /www/wwwroot/frcw1.52codes.cn/thinkphp/lang/zh-cn.php
[ info ] [ ROUTE ] array (
  'type' => 'module',
  'module' => 
  array (
    0 => 'index',
    1 => 'user',
    2 => 'logins',
  ),
)
[ info ] [ HEADER ] array (
  'host' => 'frcw1.52codes.cn',
  'accept-encoding' => 'deflate, gzip',
  'referer' => 'http://frcw1.52codes.cn/index/information/index/nav/3.html',
  'accept' => '*/*',
  'accept-language' => 'zh-cn',
  'user-agent' => 'Mozilla/5.0 (iPhone; CPU iPhone OS 9_3_4 like Mac OS X) AppleWebKit/601.1.46 (KHTML, like Gecko) Mobile/13G35 QQ/6.5.3.410 V1_IPH_SQ_6.5.3_1_APP_A Pixel/750 Core/UIWebView NetType/2G Mem/117',
  'connection' => 'Close',
  'content-type' => '',
  'content-length' => '',
)
[ info ] [ PARAM ] array (
)
[ info ] [ LANG ] /www/wwwroot/frcw1.52codes.cn/public/../app/index/lang/zh-cn.php
[ info ] [ RUN ] app\index\controller\User->logins[ /www/wwwroot/frcw1.52codes.cn/app/index/controller/User.php ]
[ info ] [ VIEW ] /www/wwwroot/frcw1.52codes.cn/public/../app/index/view/user/logins.html [ array (
) ]
[ info ] [ LOG ] INIT File
---------------------------------------------------------------
[ 2019-08-15T13:36:27+08:00 ] 58.251.121.184 GET frcw1.52codes.cn/index/my/index/nav/4.html
[运行时间：0.038359s] [吞吐率：26.07req/s] [内存消耗：3,587.13kb] [文件加载：53]
[ info ] [ LANG ] /www/wwwroot/frcw1.52codes.cn/thinkphp/lang/zh-cn.php
[ info ] [ ROUTE ] array (
  'type' => 'module',
  'module' => 
  array (
    0 => 'index',
    1 => 'my',
    2 => 'index',
  ),
)
[ info ] [ HEADER ] array (
  'host' => 'frcw1.52codes.cn',
  'accept-encoding' => 'deflate, gzip',
  'accept' => '*/*',
  'accept-language' => 'zh-cn',
  'user-agent' => 'Mozilla/5.0 (iPhone; CPU iPhone OS 9_3_4 like Mac OS X) AppleWebKit/601.1.46 (KHTML, like Gecko) Mobile/13G35 QQ/6.5.3.410 V1_IPH_SQ_6.5.3_1_APP_A Pixel/750 Core/UIWebView NetType/2G Mem/117',
  'connection' => 'Close',
  'content-type' => '',
  'content-length' => '',
)
[ info ] [ PARAM ] array (
  'nav' => '4',
)
[ info ] [ LANG ] /www/wwwroot/frcw1.52codes.cn/public/../app/index/lang/zh-cn.php
[ info ] [ DB ] INIT mysql
[ info ] [ LOG ] INIT File
[ sql ] [ DB ] CONNECT:[ UseTime:0.000472s ] mysql:host=127.0.0.1;dbname=frcw1;charset=utf8
[ sql ] [ SQL ] SHOW COLUMNS FROM `clt_system` [ RunTime:0.001062s ]
[ sql ] [ SQL ] SELECT `open` FROM `clt_system` WHERE  `id` = 1 LIMIT 1 [ RunTime:0.000243s ]
---------------------------------------------------------------
[ 2019-08-15T13:36:27+08:00 ] 58.251.121.184 GET frcw1.52codes.cn/index/user/logins.html
[运行时间：0.034420s] [吞吐率：29.05req/s] [内存消耗：2,529.66kb] [文件加载：45]
[ info ] [ LANG ] /www/wwwroot/frcw1.52codes.cn/thinkphp/lang/zh-cn.php
[ info ] [ ROUTE ] array (
  'type' => 'module',
  'module' => 
  array (
    0 => 'index',
    1 => 'user',
    2 => 'logins',
  ),
)
[ info ] [ HEADER ] array (
  'host' => 'frcw1.52codes.cn',
  'accept-encoding' => 'deflate, gzip',
  'referer' => 'http://frcw1.52codes.cn/index/my/index/nav/4.html',
  'accept' => '*/*',
  'accept-language' => 'zh-cn',
  'user-agent' => 'Mozilla/5.0 (iPhone; CPU iPhone OS 9_3_4 like Mac OS X) AppleWebKit/601.1.46 (KHTML, like Gecko) Mobile/13G35 QQ/6.5.3.410 V1_IPH_SQ_6.5.3_1_APP_A Pixel/750 Core/UIWebView NetType/2G Mem/117',
  'connection' => 'Close',
  'content-type' => '',
  'content-length' => '',
)
[ info ] [ PARAM ] array (
)
[ info ] [ LANG ] /www/wwwroot/frcw1.52codes.cn/public/../app/index/lang/zh-cn.php
[ info ] [ RUN ] app\index\controller\User->logins[ /www/wwwroot/frcw1.52codes.cn/app/index/controller/User.php ]
[ info ] [ VIEW ] /www/wwwroot/frcw1.52codes.cn/public/../app/index/view/user/logins.html [ array (
) ]
[ info ] [ LOG ] INIT File
---------------------------------------------------------------
[ 2019-08-15T13:36:27+08:00 ] 221.218.209.110 GET frcw1.52codes.cn/index/my/index/nav/4.html
[运行时间：0.138571s] [吞吐率：7.22req/s] [内存消耗：3,772.63kb] [文件加载：55]
[ info ] [ LANG ] /www/wwwroot/frcw1.52codes.cn/thinkphp/lang/zh-cn.php
[ info ] [ ROUTE ] array (
  'type' => 'module',
  'module' => 
  array (
    0 => 'index',
    1 => 'my',
    2 => 'index',
  ),
)
[ info ] [ HEADER ] array (
  'host' => 'frcw1.52codes.cn',
  'connection' => 'keep-alive',
  'upgrade-insecure-requests' => '1',
  'user-agent' => 'Mozilla/5.0 (Linux; Android 9; VOG-AL10 Build/HUAWEIVOG-AL10; wv) AppleWebKit/537.36 (KHTML, like Gecko) Version/4.0 Chrome/66.0.3359.126 MQQBrowser/6.2 TBS/044807 Mobile Safari/537.36 V1_AND_SQ_8.1.0_1232_YYB_D QQ/8.1.0.4150 NetType/WIFI WebP/0.3.0 Pixel/1080 StatusBarHeight/75 SimpleUISwitch/0',
  'accept' => 'text/html,application/xhtml+xml,application/xml;q=0.9,image/webp,image/apng,image/sharpp,image/apng,image/tpg,*/*;q=0.8',
  'referer' => 'http://frcw1.52codes.cn/index/information/index/nav/3.html',
  'accept-encoding' => 'gzip, deflate',
  'accept-language' => 'zh-CN,en-US;q=0.9',
  'cookie' => 'PHPSESSID=ppe4o14l3fe6iuvhi13ful4cd3; frcw_uid=8',
  'content-type' => '',
  'content-length' => '',
)
[ info ] [ PARAM ] array (
  'nav' => '4',
)
[ info ] [ LANG ] /www/wwwroot/frcw1.52codes.cn/public/../app/index/lang/zh-cn.php
[ info ] [ DB ] INIT mysql
[ info ] [ RUN ] app\index\controller\My->index[ /www/wwwroot/frcw1.52codes.cn/app/index/controller/My.php ]
[ info ] [ VIEW ] /www/wwwroot/frcw1.52codes.cn/public/../app/index/view/my/index.html [ array (
  0 => 'price_now',
  1 => 'data_coin',
  2 => 'total_price',
  3 => 'level',
  4 => 'level2',
  5 => 'level3',
  6 => 'arrrlevel3',
  7 => 'personComain',
  8 => 'total_num',
  9 => 'nav',
) ]
[ info ] [ LOG ] INIT File
[ sql ] [ DB ] CONNECT:[ UseTime:0.000367s ] mysql:host=127.0.0.1;dbname=frcw1;charset=utf8
[ sql ] [ SQL ] SHOW COLUMNS FROM `clt_system` [ RunTime:0.001107s ]
[ sql ] [ SQL ] SELECT `open` FROM `clt_system` WHERE  `id` = 1 LIMIT 1 [ RunTime:0.000277s ]
[ sql ] [ SQL ] SHOW COLUMNS FROM `clt_member` [ RunTime:0.022695s ]
[ sql ] [ SQL ] SELECT * FROM `clt_member` LIMIT 1 [ RunTime:0.000290s ]
[ sql ] [ SQL ] SHOW COLUMNS FROM `clt_frcw` [ RunTime:0.000771s ]
[ sql ] [ SQL ] SELECT * FROM `clt_frcw` ORDER BY `pub_time` DESC LIMIT 1 [ RunTime:0.000204s ]
[ sql ] [ SQL ] SELECT * FROM `clt_member` WHERE  `id` = 8 LIMIT 1 [ RunTime:0.000243s ]
[ sql ] [ SQL ] SHOW COLUMNS FROM `clt_coin_name` [ RunTime:0.000792s ]
[ sql ] [ SQL ] SELECT * FROM `clt_coin_name` WHERE  `open` <> 1  AND `id` IN (4,3,5) [ RunTime:0.000379s ]
[ sql ] [ SQL ] SHOW COLUMNS FROM `clt_coin` [ RunTime:0.000765s ]
[ sql ] [ SQL ] SELECT `btc` FROM `clt_coin` WHERE  `member_id` = 8 LIMIT 1 [ RunTime:0.000198s ]
[ sql ] [ SQL ] SELECT `usdt` FROM `clt_coin` WHERE  `member_id` = 8 LIMIT 1 [ RunTime:0.000347s ]
[ sql ] [ SQL ] SELECT `eth` FROM `clt_coin` WHERE  `member_id` = 8 LIMIT 1 [ RunTime:0.000193s ]
[ sql ] [ SQL ] SELECT `frcw` FROM `clt_coin` WHERE  `member_id` = 8 LIMIT 1 [ RunTime:0.000425s ]
[ sql ] [ SQL ] SELECT MAX(price) AS tp_max FROM `clt_frcw` LIMIT 1 [ RunTime:0.000242s ]
[ sql ] [ SQL ] SELECT * FROM `clt_frcw` ORDER BY `pub_time` DESC LIMIT 1 [ RunTime:0.000211s ]
[ sql ] [ SQL ] SELECT * FROM `clt_member` WHERE  `id` = 8 LIMIT 1 [ RunTime:0.000273s ]
[ sql ] [ SQL ] SHOW COLUMNS FROM `clt_coin_record` [ RunTime:0.007084s ]
[ sql ] [ SQL ] SELECT SUM(num) AS tp_sum FROM `clt_coin_record` WHERE  `coin` = 'frcw'  AND `inout` = 'in'  AND ( `type` <> '系统充值' AND `type` <> '转入' AND `type` NOT LIKE '%关闭量化%' )  AND `phone` = '15321005369' LIMIT 1 [ RunTime:0.002436s ]
[ sql ] [ SQL ] SELECT * FROM `clt_member` WHERE  `id` = 8 LIMIT 1 [ RunTime:0.000355s ]
[ sql ] [ SQL ] SELECT SUM(num) AS tp_sum FROM `clt_coin_record` WHERE  `add_time` >= 1565798400  AND `coin` = 'frcw'  AND `inout` = 'in'  AND ( `type` <> '系统充值' AND `type` <> '转入' AND `type` NOT LIKE '%关闭量化%' )  AND `phone` = '15321005369' LIMIT 1 [ RunTime:0.000414s ]
[ sql ] [ SQL ] SELECT `phone` FROM `clt_member` WHERE  `id` = 8 LIMIT 1 [ RunTime:0.000206s ]
[ sql ] [ SQL ] SELECT `id` FROM `clt_member` WHERE  `phone` = '15321005369' LIMIT 1 [ RunTime:0.000240s ]
[ sql ] [ SQL ] SELECT `id`,`parent_id`,`phone` FROM `clt_member` WHERE  `parent_id` = 8 [ RunTime:0.010694s ]
[ sql ] [ SQL ] SELECT `id`,`parent_id`,`phone` FROM `clt_member` WHERE  `parent_id` = 11 [ RunTime:0.000266s ]
[ sql ] [ SQL ] SELECT `id`,`parent_id`,`phone` FROM `clt_member` WHERE  `parent_id` = 15 [ RunTime:0.000185s ]
[ sql ] [ SQL ] SELECT `id`,`parent_id`,`phone` FROM `clt_member` WHERE  `parent_id` = 17 [ RunTime:0.000209s ]
[ sql ] [ SQL ] SELECT `id`,`parent_id`,`phone` FROM `clt_member` WHERE  `parent_id` = 18 [ RunTime:0.000182s ]
[ sql ] [ SQL ] SELECT SUM(num) AS tp_sum FROM `clt_coin_record` WHERE  `coin` = 'frcw'  AND `inout` = 'in'  AND ( `type` <> '系统充值' AND `type` <> '转入' AND `type` NOT LIKE '%关闭量化%' )  AND `phone` = '18014303736' LIMIT 1 [ RunTime:0.000629s ]
[ sql ] [ SQL ] SELECT SUM(num) AS tp_sum FROM `clt_coin_record` WHERE  `coin` = 'frcw'  AND `inout` = 'in'  AND ( `type` <> '系统充值' AND `type` <> '转入' AND `type` NOT LIKE '%关闭量化%' )  AND `phone` = '17039103674' LIMIT 1 [ RunTime:0.000308s ]
[ sql ] [ SQL ] SELECT SUM(num) AS tp_sum FROM `clt_coin_record` WHERE  `coin` = 'frcw'  AND `inout` = 'in'  AND ( `type` <> '系统充值' AND `type` <> '转入' AND `type` NOT LIKE '%关闭量化%' )  AND `phone` = '17358880002' LIMIT 1 [ RunTime:0.000295s ]
[ sql ] [ SQL ] SELECT SUM(num) AS tp_sum FROM `clt_coin_record` WHERE  `coin` = 'frcw'  AND `inout` = 'in'  AND ( `type` <> '系统充值' AND `type` <> '转入' AND `type` NOT LIKE '%关闭量化%' )  AND `phone` = '17358880009' LIMIT 1 [ RunTime:0.000430s ]
---------------------------------------------------------------
[ 2019-08-15T13:36:28+08:00 ] 221.218.209.110 GET frcw1.52codes.cn/index/index/index/nav/1.html
[运行时间：0.159814s] [吞吐率：6.26req/s] [内存消耗：4,061.25kb] [文件加载：56]
[ info ] [ LANG ] /www/wwwroot/frcw1.52codes.cn/thinkphp/lang/zh-cn.php
[ info ] [ ROUTE ] array (
  'type' => 'module',
  'module' => 
  array (
    0 => 'index',
    1 => 'index',
    2 => 'index',
  ),
)
[ info ] [ HEADER ] array (
  'host' => 'frcw1.52codes.cn',
  'connection' => 'keep-alive',
  'upgrade-insecure-requests' => '1',
  'user-agent' => 'Mozilla/5.0 (Linux; Android 9; VOG-AL10 Build/HUAWEIVOG-AL10; wv) AppleWebKit/537.36 (KHTML, like Gecko) Version/4.0 Chrome/66.0.3359.126 MQQBrowser/6.2 TBS/044807 Mobile Safari/537.36 V1_AND_SQ_8.1.0_1232_YYB_D QQ/8.1.0.4150 NetType/WIFI WebP/0.3.0 Pixel/1080 StatusBarHeight/75 SimpleUISwitch/0',
  'accept' => 'text/html,application/xhtml+xml,application/xml;q=0.9,image/webp,image/apng,image/sharpp,image/apng,image/tpg,*/*;q=0.8',
  'referer' => 'http://frcw1.52codes.cn/index/my/index/nav/4.html',
  'accept-encoding' => 'gzip, deflate',
  'accept-language' => 'zh-CN,en-US;q=0.9',
  'cookie' => 'PHPSESSID=ppe4o14l3fe6iuvhi13ful4cd3; frcw_uid=8',
  'content-type' => '',
  'content-length' => '',
)
[ info ] [ PARAM ] array (
  'nav' => '1',
)
[ info ] [ LANG ] /www/wwwroot/frcw1.52codes.cn/public/../app/index/lang/zh-cn.php
[ info ] [ DB ] INIT mysql
[ info ] [ RUN ] app\index\controller\Index->index[ /www/wwwroot/frcw1.52codes.cn/app/index/controller/Index.php ]
[ info ] [ VIEW ] /www/wwwroot/frcw1.52codes.cn/public/../app/index/view/index/index.html [ array (
  0 => 'date_str',
  1 => 'price',
  2 => 'price_cur',
  3 => 'price_plus',
  4 => 'price_rate',
  5 => 'data_coin',
  6 => 'total_price',
  7 => 'level',
  8 => 'level2',
  9 => 'frcw_num',
  10 => 'cur_price',
  11 => 'list',
  12 => 'nav',
  13 => 'type',
  14 => 'status',
) ]
[ info ] [ LOG ] INIT File
[ sql ] [ DB ] CONNECT:[ UseTime:0.000379s ] mysql:host=127.0.0.1;dbname=frcw1;charset=utf8
[ sql ] [ SQL ] SHOW COLUMNS FROM `clt_system` [ RunTime:0.000999s ]
[ sql ] [ SQL ] SELECT `open` FROM `clt_system` WHERE  `id` = 1 LIMIT 1 [ RunTime:0.000260s ]
[ sql ] [ SQL ] SHOW COLUMNS FROM `clt_member` [ RunTime:0.001133s ]
[ sql ] [ SQL ] SELECT * FROM `clt_member` LIMIT 1 [ RunTime:0.000281s ]
[ sql ] [ SQL ] SHOW COLUMNS FROM `clt_usdt` [ RunTime:0.000816s ]
[ sql ] [ SQL ] SELECT `price` FROM `clt_usdt` ORDER BY `pub_time` DESC LIMIT 1 [ RunTime:0.000236s ]
[ sql ] [ SQL ] SHOW COLUMNS FROM `clt_frcw` [ RunTime:0.001392s ]
[ sql ] [ SQL ] SELECT `price` FROM `clt_frcw` ORDER BY `pub_time` DESC LIMIT 1 [ RunTime:0.000288s ]
[ sql ] [ SQL ] SELECT `price` FROM `clt_frcw` ORDER BY `pub_time` DESC LIMIT 1 [ RunTime:0.000224s ]
[ sql ] [ SQL ] SHOW COLUMNS FROM `clt_lianghua` [ RunTime:0.000965s ]
[ sql ] [ SQL ] SELECT * FROM `clt_lianghua` WHERE  `uid` = 8  AND `status` = 0 [ RunTime:0.000299s ]
[ sql ] [ SQL ] SELECT * FROM `clt_frcw` ORDER BY `pub_time` DESC LIMIT 1,7 [ RunTime:0.000240s ]
[ sql ] [ SQL ] SELECT * FROM `clt_frcw` ORDER BY `pub_time` DESC LIMIT 1 [ RunTime:0.000222s ]
[ sql ] [ SQL ] SELECT * FROM `clt_frcw` ORDER BY `pub_time` DESC LIMIT 1,1 [ RunTime:0.000234s ]
[ sql ] [ SQL ] SELECT * FROM `clt_member` WHERE  `id` = 8 LIMIT 1 [ RunTime:0.000300s ]
[ sql ] [ SQL ] SHOW COLUMNS FROM `clt_coin_name` [ RunTime:0.001030s ]
[ sql ] [ SQL ] SELECT * FROM `clt_coin_name` WHERE  `open` <> 1  AND `id` IN (4,3,5) [ RunTime:0.000497s ]
[ sql ] [ SQL ] SHOW COLUMNS FROM `clt_coin` [ RunTime:0.000886s ]
[ sql ] [ SQL ] SELECT `btc` FROM `clt_coin` WHERE  `member_id` = 8 LIMIT 1 [ RunTime:0.000233s ]
[ sql ] [ SQL ] SELECT `usdt` FROM `clt_coin` WHERE  `member_id` = 8 LIMIT 1 [ RunTime:0.000455s ]
[ sql ] [ SQL ] SELECT `eth` FROM `clt_coin` WHERE  `member_id` = 8 LIMIT 1 [ RunTime:0.000288s ]
[ sql ] [ SQL ] SELECT `frcw` FROM `clt_coin` WHERE  `member_id` = 8 LIMIT 1 [ RunTime:0.000435s ]
[ sql ] [ SQL ] SELECT MAX(price) AS tp_max FROM `clt_frcw` LIMIT 1 [ RunTime:0.000238s ]
[ sql ] [ SQL ] SELECT * FROM `clt_frcw` ORDER BY `pub_time` DESC LIMIT 1 [ RunTime:0.000219s ]
[ sql ] [ SQL ] SELECT * FROM `clt_member` WHERE  `id` = 8 LIMIT 1 [ RunTime:0.000272s ]
[ sql ] [ SQL ] SELECT * FROM `clt_frcw` ORDER BY `pub_time` DESC LIMIT 1 [ RunTime:0.000197s ]
[ sql ] [ SQL ] SELECT `frcw` FROM `clt_coin` WHERE  `member_id` = 8 LIMIT 1 [ RunTime:0.000189s ]
[ sql ] [ SQL ] SHOW COLUMNS FROM `clt_lunbo` [ RunTime:0.000925s ]
[ sql ] [ SQL ] SELECT * FROM `clt_lunbo` WHERE  `type` = 1 [ RunTime:0.000203s ]
---------------------------------------------------------------
[ 2019-08-15T13:36:29+08:00 ] 221.218.209.110 GET frcw1.52codes.cn/index/wallet/current/id/3.html
[运行时间：0.067044s] [吞吐率：14.92req/s] [内存消耗：3,876.60kb] [文件加载：54]
[ info ] [ LANG ] /www/wwwroot/frcw1.52codes.cn/thinkphp/lang/zh-cn.php
[ info ] [ ROUTE ] array (
  'type' => 'module',
  'module' => 
  array (
    0 => 'index',
    1 => 'wallet',
    2 => 'current',
  ),
)
[ info ] [ HEADER ] array (
  'host' => 'frcw1.52codes.cn',
  'connection' => 'keep-alive',
  'upgrade-insecure-requests' => '1',
  'user-agent' => 'Mozilla/5.0 (Linux; Android 9; VOG-AL10 Build/HUAWEIVOG-AL10; wv) AppleWebKit/537.36 (KHTML, like Gecko) Version/4.0 Chrome/66.0.3359.126 MQQBrowser/6.2 TBS/044807 Mobile Safari/537.36 V1_AND_SQ_8.1.0_1232_YYB_D QQ/8.1.0.4150 NetType/WIFI WebP/0.3.0 Pixel/1080 StatusBarHeight/75 SimpleUISwitch/0',
  'accept' => 'text/html,application/xhtml+xml,application/xml;q=0.9,image/webp,image/apng,image/sharpp,image/apng,image/tpg,*/*;q=0.8',
  'referer' => 'http://frcw1.52codes.cn/index/index/index/nav/1.html',
  'accept-encoding' => 'gzip, deflate',
  'accept-language' => 'zh-CN,en-US;q=0.9',
  'cookie' => 'PHPSESSID=ppe4o14l3fe6iuvhi13ful4cd3; frcw_uid=8',
  'content-type' => '',
  'content-length' => '',
)
[ info ] [ PARAM ] array (
  'id' => '3',
)
[ info ] [ LANG ] /www/wwwroot/frcw1.52codes.cn/public/../app/index/lang/zh-cn.php
[ info ] [ DB ] INIT mysql
[ info ] [ RUN ] app\index\controller\Wallet->current[ /www/wwwroot/frcw1.52codes.cn/app/index/controller/Wallet.php ]
[ info ] [ VIEW ] /www/wwwroot/frcw1.52codes.cn/public/../app/index/view/wallet/current.html [ array (
  0 => 'record',
  1 => 'user_tibi',
  2 => 'tijiao',
  3 => 'status_arr',
  4 => 'name',
  5 => 'num',
  6 => 'price',
  7 => 'id',
) ]
[ info ] [ LOG ] INIT File
[ sql ] [ DB ] CONNECT:[ UseTime:0.000762s ] mysql:host=127.0.0.1;dbname=frcw1;charset=utf8
[ sql ] [ SQL ] SHOW COLUMNS FROM `clt_system` [ RunTime:0.000983s ]
[ sql ] [ SQL ] SELECT `open` FROM `clt_system` WHERE  `id` = 1 LIMIT 1 [ RunTime:0.000252s ]
[ sql ] [ SQL ] SHOW COLUMNS FROM `clt_member` [ RunTime:0.000846s ]
[ sql ] [ SQL ] SELECT * FROM `clt_member` LIMIT 1 [ RunTime:0.000249s ]
[ sql ] [ SQL ] SHOW COLUMNS FROM `clt_coin_name` [ RunTime:0.000817s ]
[ sql ] [ SQL ] SELECT `name` FROM `clt_coin_name` WHERE  `id` = 3 LIMIT 1 [ RunTime:0.000266s ]
[ sql ] [ SQL ] SHOW COLUMNS FROM `clt_coin` [ RunTime:0.000729s ]
[ sql ] [ SQL ] SELECT `btc` FROM `clt_coin` WHERE  `member_id` = 8 LIMIT 1 [ RunTime:0.000211s ]
[ sql ] [ SQL ] SHOW COLUMNS FROM `clt_usdt` [ RunTime:0.000683s ]
[ sql ] [ SQL ] SELECT `price` FROM `clt_usdt` ORDER BY `pub_time` DESC LIMIT 1 [ RunTime:0.000186s ]
[ sql ] [ SQL ] SELECT `phone` FROM `clt_member` WHERE  `id` = 8 LIMIT 1 [ RunTime:0.000408s ]
[ sql ] [ SQL ] SHOW COLUMNS FROM `clt_coin_record` [ RunTime:0.001053s ]
[ sql ] [ SQL ] SELECT * FROM `clt_coin_record` WHERE  `phone` = '15321005369'  AND `coin` = 'btc' [ RunTime:0.000346s ]
[ sql ] [ SQL ] SHOW COLUMNS FROM `clt_user_tibi` [ RunTime:0.003617s ]
[ sql ] [ SQL ] SELECT * FROM `clt_user_tibi` WHERE  `member_id` = 8  AND `type` = 2  AND `coin` = 'btc' [ RunTime:0.002197s ]
[ sql ] [ SQL ] SHOW COLUMNS FROM `clt_tijiao` [ RunTime:0.002298s ]
[ sql ] [ SQL ] SELECT * FROM `clt_tijiao` WHERE  `name` = '15321005369'  AND `type` = 'btc' [ RunTime:0.001901s ]
---------------------------------------------------------------
[ 2019-08-15T13:39:06+08:00 ] 101.89.239.238 GET frcw1.52codes.cn/index/wallet/current/id/3.html
[运行时间：0.037414s] [吞吐率：26.73req/s] [内存消耗：3,707.88kb] [文件加载：53]
[ info ] [ LANG ] /www/wwwroot/frcw1.52codes.cn/thinkphp/lang/zh-cn.php
[ info ] [ ROUTE ] array (
  'type' => 'module',
  'module' => 
  array (
    0 => 'index',
    1 => 'wallet',
    2 => 'current',
  ),
)
[ info ] [ HEADER ] array (
  'user-agent' => 'Mozilla/5.0 (Macintosh; Intel Mac OS X 10_12_4) AppleWebKit/537.36 (KHTML, like Gecko) 			Chrome/55.0.2883.95 Safari/537.36',
  'accept' => '*/*',
  'accept-language' => 'zh-CN,zh;q=0.8,en-US;q=0.6,en;q=0.4',
  'host' => 'frcw1.52codes.cn',
  'connection' => 'keep-alive',
  'content-type' => '',
  'content-length' => '',
)
[ info ] [ PARAM ] array (
  'id' => '3',
)
[ info ] [ LANG ] /www/wwwroot/frcw1.52codes.cn/public/../app/index/lang/zh-cn.php
[ info ] [ DB ] INIT mysql
[ info ] [ LOG ] INIT File
[ sql ] [ DB ] CONNECT:[ UseTime:0.000494s ] mysql:host=127.0.0.1;dbname=frcw1;charset=utf8
[ sql ] [ SQL ] SHOW COLUMNS FROM `clt_system` [ RunTime:0.001262s ]
[ sql ] [ SQL ] SELECT `open` FROM `clt_system` WHERE  `id` = 1 LIMIT 1 [ RunTime:0.000333s ]
---------------------------------------------------------------
[ 2019-08-15T13:43:14+08:00 ] 101.89.29.86 GET frcw1.52codes.cn/index/index/index/nav/1.html
[运行时间：0.036386s] [吞吐率：27.48req/s] [内存消耗：3,668.27kb] [文件加载：53]
[ info ] [ LANG ] /www/wwwroot/frcw1.52codes.cn/thinkphp/lang/zh-cn.php
[ info ] [ ROUTE ] array (
  'type' => 'module',
  'module' => 
  array (
    0 => 'index',
    1 => 'index',
    2 => 'index',
  ),
)
[ info ] [ HEADER ] array (
  'user-agent' => 'Mozilla/5.0 (Macintosh; Intel Mac OS X 10_12_4) AppleWebKit/537.36 (KHTML, like Gecko) 			Chrome/55.0.2883.95 Safari/537.36',
  'accept' => '*/*',
  'accept-language' => 'zh-CN,zh;q=0.8,en-US;q=0.6,en;q=0.4',
  'host' => 'frcw1.52codes.cn',
  'connection' => 'keep-alive',
  'content-type' => '',
  'content-length' => '',
)
[ info ] [ PARAM ] array (
  'nav' => '1',
)
[ info ] [ LANG ] /www/wwwroot/frcw1.52codes.cn/public/../app/index/lang/zh-cn.php
[ info ] [ DB ] INIT mysql
[ info ] [ LOG ] INIT File
[ sql ] [ DB ] CONNECT:[ UseTime:0.000517s ] mysql:host=127.0.0.1;dbname=frcw1;charset=utf8
[ sql ] [ SQL ] SHOW COLUMNS FROM `clt_system` [ RunTime:0.001200s ]
[ sql ] [ SQL ] SELECT `open` FROM `clt_system` WHERE  `id` = 1 LIMIT 1 [ RunTime:0.000304s ]
---------------------------------------------------------------
[ 2019-08-15T17:24:42+08:00 ] 14.17.21.58 GET frcw1.52codes.cn/
[运行时间：0.113425s] [吞吐率：8.82req/s] [内存消耗：3,664.15kb] [文件加载：53]
[ info ] [ LANG ] /www/wwwroot/frcw1.52codes.cn/thinkphp/lang/zh-cn.php
[ info ] [ ROUTE ] array (
  'type' => 'module',
  'module' => 
  array (
    0 => '',
    1 => NULL,
    2 => NULL,
  ),
)
[ info ] [ HEADER ] array (
  'host' => 'frcw1.52codes.cn',
  'accept-encoding' => 'deflate, gzip',
  'accept' => '*/*',
  'accept-language' => 'zh-cn',
  'user-agent' => 'Mozilla/5.0 (iPhone; CPU iPhone OS 9_3_4 like Mac OS X) AppleWebKit/601.1.46 (KHTML, like Gecko) Mobile/13G35 QQ/6.5.3.410 V1_IPH_SQ_6.5.3_1_APP_A Pixel/750 Core/UIWebView NetType/2G Mem/117',
  'connection' => 'Close',
  'content-type' => '',
  'content-length' => '',
)
[ info ] [ PARAM ] array (
)
[ info ] [ LANG ] /www/wwwroot/frcw1.52codes.cn/public/../app/index/lang/zh-cn.php
[ info ] [ DB ] INIT mysql
[ info ] [ LOG ] INIT File
[ sql ] [ DB ] CONNECT:[ UseTime:0.000390s ] mysql:host=127.0.0.1;dbname=frcw1;charset=utf8
[ sql ] [ SQL ] SHOW COLUMNS FROM `clt_system` [ RunTime:0.001323s ]
[ sql ] [ SQL ] SELECT `open` FROM `clt_system` WHERE  `id` = 1 LIMIT 1 [ RunTime:0.000291s ]
---------------------------------------------------------------
[ 2019-08-15T17:24:43+08:00 ] 14.17.21.58 GET frcw1.52codes.cn/index/user/logins.html
[运行时间：0.041655s] [吞吐率：24.01req/s] [内存消耗：2,529.45kb] [文件加载：45]
[ info ] [ LANG ] /www/wwwroot/frcw1.52codes.cn/thinkphp/lang/zh-cn.php
[ info ] [ ROUTE ] array (
  'type' => 'module',
  'module' => 
  array (
    0 => 'index',
    1 => 'user',
    2 => 'logins',
  ),
)
[ info ] [ HEADER ] array (
  'host' => 'frcw1.52codes.cn',
  'accept-encoding' => 'deflate, gzip',
  'referer' => 'http://frcw1.52codes.cn/',
  'accept' => '*/*',
  'accept-language' => 'zh-cn',
  'user-agent' => 'Mozilla/5.0 (iPhone; CPU iPhone OS 9_3_4 like Mac OS X) AppleWebKit/601.1.46 (KHTML, like Gecko) Mobile/13G35 QQ/6.5.3.410 V1_IPH_SQ_6.5.3_1_APP_A Pixel/750 Core/UIWebView NetType/2G Mem/117',
  'connection' => 'Close',
  'content-type' => '',
  'content-length' => '',
)
[ info ] [ PARAM ] array (
)
[ info ] [ LANG ] /www/wwwroot/frcw1.52codes.cn/public/../app/index/lang/zh-cn.php
[ info ] [ RUN ] app\index\controller\User->logins[ /www/wwwroot/frcw1.52codes.cn/app/index/controller/User.php ]
[ info ] [ VIEW ] /www/wwwroot/frcw1.52codes.cn/public/../app/index/view/user/logins.html [ array (
) ]
[ info ] [ LOG ] INIT File
---------------------------------------------------------------
[ 2019-08-15T17:37:30+08:00 ] 47.92.138.160 GET frcw1.52codes.cn/
[运行时间：0.033579s] [吞吐率：29.78req/s] [内存消耗：3,663.21kb] [文件加载：53]
[ info ] [ LANG ] /www/wwwroot/frcw1.52codes.cn/thinkphp/lang/zh-cn.php
[ info ] [ ROUTE ] array (
  'type' => 'module',
  'module' => 
  array (
    0 => '',
    1 => NULL,
    2 => NULL,
  ),
)
[ info ] [ HEADER ] array (
  'user-agent' => 'Mozilla/5.0 (Linux; Android 4.1.1; Nexus 7 Build/JRO03D))',
  'host' => 'frcw1.52codes.cn',
  'connection' => 'Keep-Alive',
  'accept-encoding' => 'gzip',
  'content-type' => '',
  'content-length' => '',
)
[ info ] [ PARAM ] array (
)
[ info ] [ LANG ] /www/wwwroot/frcw1.52codes.cn/public/../app/index/lang/zh-cn.php
[ info ] [ DB ] INIT mysql
[ info ] [ LOG ] INIT File
[ sql ] [ DB ] CONNECT:[ UseTime:0.000373s ] mysql:host=127.0.0.1;dbname=frcw1;charset=utf8
[ sql ] [ SQL ] SHOW COLUMNS FROM `clt_system` [ RunTime:0.001073s ]
[ sql ] [ SQL ] SELECT `open` FROM `clt_system` WHERE  `id` = 1 LIMIT 1 [ RunTime:0.000298s ]
---------------------------------------------------------------
[ 2019-08-15T17:37:31+08:00 ] 47.92.138.160 GET frcw1.52codes.cn/index/user/logins.html
[运行时间：0.021006s] [吞吐率：47.61req/s] [内存消耗：2,527.96kb] [文件加载：45]
[ info ] [ LANG ] /www/wwwroot/frcw1.52codes.cn/thinkphp/lang/zh-cn.php
[ info ] [ ROUTE ] array (
  'type' => 'module',
  'module' => 
  array (
    0 => 'index',
    1 => 'user',
    2 => 'logins',
  ),
)
[ info ] [ HEADER ] array (
  'user-agent' => 'Mozilla/5.0 (Linux; Android 4.1.1; Nexus 7 Build/JRO03D))',
  'host' => 'frcw1.52codes.cn',
  'connection' => 'Keep-Alive',
  'accept-encoding' => 'gzip',
  'content-type' => '',
  'content-length' => '',
)
[ info ] [ PARAM ] array (
)
[ info ] [ LANG ] /www/wwwroot/frcw1.52codes.cn/public/../app/index/lang/zh-cn.php
[ info ] [ RUN ] app\index\controller\User->logins[ /www/wwwroot/frcw1.52codes.cn/app/index/controller/User.php ]
[ info ] [ VIEW ] /www/wwwroot/frcw1.52codes.cn/public/../app/index/view/user/logins.html [ array (
) ]
[ info ] [ LOG ] INIT File
