---------------------------------------------------------------
[ 2019-08-20T10:43:24+08:00 ] 69.46.80.175 GET frcw1.52codes.cn/
[运行时间：0.204668s] [吞吐率：4.89req/s] [内存消耗：3,663.06kb] [文件加载：53]
[ info ] [ LANG ] /www/wwwroot/frcw1.52codes.cn/thinkphp/lang/zh-cn.php
[ info ] [ ROUTE ] array (
  'type' => 'module',
  'module' => 
  array (
    0 => '',
    1 => NULL,
    2 => NULL,
  ),
)
[ info ] [ HEADER ] array (
  'user-agent' => 'Mozilla/5.0 (compatible; Baiduspider/2.0; +http://www.baidu.com/search/spider.html)',
  'host' => 'frcw1.52codes.cn',
  'accept' => '*/*',
  'accept-encoding' => 'gzip,deflate',
  'content-type' => '',
  'content-length' => '',
)
[ info ] [ PARAM ] array (
)
[ info ] [ LANG ] /www/wwwroot/frcw1.52codes.cn/public/../app/index/lang/zh-cn.php
[ info ] [ DB ] INIT mysql
[ info ] [ LOG ] INIT File
[ sql ] [ DB ] CONNECT:[ UseTime:0.000344s ] mysql:host=127.0.0.1;dbname=frcw1;charset=utf8
[ sql ] [ SQL ] SHOW COLUMNS FROM `clt_system` [ RunTime:0.019690s ]
[ sql ] [ SQL ] SELECT `open` FROM `clt_system` WHERE  `id` = 1 LIMIT 1 [ RunTime:0.000256s ]
---------------------------------------------------------------
[ 2019-08-20T10:43:24+08:00 ] 69.46.80.175 GET frcw1.52codes.cn/index/user/logins.html
[运行时间：0.050426s] [吞吐率：19.83req/s] [内存消耗：2,528.07kb] [文件加载：45]
[ info ] [ LANG ] /www/wwwroot/frcw1.52codes.cn/thinkphp/lang/zh-cn.php
[ info ] [ ROUTE ] array (
  'type' => 'module',
  'module' => 
  array (
    0 => 'index',
    1 => 'user',
    2 => 'logins',
  ),
)
[ info ] [ HEADER ] array (
  'user-agent' => 'Mozilla/5.0 (compatible; Baiduspider/2.0; +http://www.baidu.com/search/spider.html)',
  'host' => 'frcw1.52codes.cn',
  'accept' => '*/*',
  'accept-encoding' => 'gzip,deflate',
  'content-type' => '',
  'content-length' => '',
)
[ info ] [ PARAM ] array (
)
[ info ] [ LANG ] /www/wwwroot/frcw1.52codes.cn/public/../app/index/lang/zh-cn.php
[ info ] [ RUN ] app\index\controller\User->logins[ /www/wwwroot/frcw1.52codes.cn/app/index/controller/User.php ]
[ info ] [ VIEW ] /www/wwwroot/frcw1.52codes.cn/public/../app/index/view/user/logins.html [ array (
) ]
[ info ] [ LOG ] INIT File
---------------------------------------------------------------
[ 2019-08-20T10:44:03+08:00 ] 119.190.107.164 GET frcw1.52codes.cn/
[运行时间：0.032772s] [吞吐率：30.51req/s] [内存消耗：3,664.63kb] [文件加载：53]
[ info ] [ LANG ] /www/wwwroot/frcw1.52codes.cn/thinkphp/lang/zh-cn.php
[ info ] [ ROUTE ] array (
  'type' => 'module',
  'module' => 
  array (
    0 => '',
    1 => NULL,
    2 => NULL,
  ),
)
[ info ] [ HEADER ] array (
  'host' => 'frcw1.52codes.cn',
  'connection' => 'keep-alive',
  'upgrade-insecure-requests' => '1',
  'user-agent' => 'Mozilla/5.0 (Windows NT 6.1; Win64; x64) AppleWebKit/537.36 (KHTML, like Gecko) Chrome/74.0.3729.131 Safari/537.36',
  'accept' => 'text/html,application/xhtml+xml,application/xml;q=0.9,image/webp,image/apng,*/*;q=0.8,application/signed-exchange;v=b3',
  'referer' => 'http://www.link114.cn/',
  'accept-encoding' => 'gzip, deflate',
  'accept-language' => 'zh-CN,zh;q=0.9',
  'content-type' => '',
  'content-length' => '',
)
[ info ] [ PARAM ] array (
)
[ info ] [ LANG ] /www/wwwroot/frcw1.52codes.cn/public/../app/index/lang/zh-cn.php
[ info ] [ DB ] INIT mysql
[ info ] [ LOG ] INIT File
[ sql ] [ DB ] CONNECT:[ UseTime:0.000428s ] mysql:host=127.0.0.1;dbname=frcw1;charset=utf8
[ sql ] [ SQL ] SHOW COLUMNS FROM `clt_system` [ RunTime:0.001150s ]
[ sql ] [ SQL ] SELECT `open` FROM `clt_system` WHERE  `id` = 1 LIMIT 1 [ RunTime:0.000261s ]
---------------------------------------------------------------
[ 2019-08-20T10:44:03+08:00 ] 119.190.107.164 GET frcw1.52codes.cn/index/user/logins.html
[运行时间：0.024861s] [吞吐率：40.22req/s] [内存消耗：2,529.95kb] [文件加载：45]
[ info ] [ LANG ] /www/wwwroot/frcw1.52codes.cn/thinkphp/lang/zh-cn.php
[ info ] [ ROUTE ] array (
  'type' => 'module',
  'module' => 
  array (
    0 => 'index',
    1 => 'user',
    2 => 'logins',
  ),
)
[ info ] [ HEADER ] array (
  'host' => 'frcw1.52codes.cn',
  'connection' => 'keep-alive',
  'upgrade-insecure-requests' => '1',
  'user-agent' => 'Mozilla/5.0 (Windows NT 6.1; Win64; x64) AppleWebKit/537.36 (KHTML, like Gecko) Chrome/74.0.3729.131 Safari/537.36',
  'accept' => 'text/html,application/xhtml+xml,application/xml;q=0.9,image/webp,image/apng,*/*;q=0.8,application/signed-exchange;v=b3',
  'referer' => 'http://www.link114.cn/',
  'accept-encoding' => 'gzip, deflate',
  'accept-language' => 'zh-CN,zh;q=0.9',
  'cookie' => 'PHPSESSID=kh886cv2e3k4qffl1cs89qnkl2',
  'content-type' => '',
  'content-length' => '',
)
[ info ] [ PARAM ] array (
)
[ info ] [ LANG ] /www/wwwroot/frcw1.52codes.cn/public/../app/index/lang/zh-cn.php
[ info ] [ RUN ] app\index\controller\User->logins[ /www/wwwroot/frcw1.52codes.cn/app/index/controller/User.php ]
[ info ] [ VIEW ] /www/wwwroot/frcw1.52codes.cn/public/../app/index/view/user/logins.html [ array (
) ]
[ info ] [ LOG ] INIT File
---------------------------------------------------------------
[ 2019-08-20T10:44:03+08:00 ] 119.190.107.164 GET frcw1.52codes.cn/index/user/createverify.html
[运行时间：0.032304s] [吞吐率：30.96req/s] [内存消耗：2,500.59kb] [文件加载：43]
[ info ] [ LANG ] /www/wwwroot/frcw1.52codes.cn/thinkphp/lang/zh-cn.php
[ info ] [ ROUTE ] array (
  'type' => 'module',
  'module' => 
  array (
    0 => 'index',
    1 => 'user',
    2 => 'createverify',
  ),
)
[ info ] [ HEADER ] array (
  'host' => 'frcw1.52codes.cn',
  'connection' => 'keep-alive',
  'user-agent' => 'Mozilla/5.0 (Windows NT 6.1; Win64; x64) AppleWebKit/537.36 (KHTML, like Gecko) Chrome/74.0.3729.131 Safari/537.36',
  'accept' => 'image/webp,image/apng,image/*,*/*;q=0.8',
  'referer' => 'http://frcw1.52codes.cn/index/user/logins.html',
  'accept-encoding' => 'gzip, deflate',
  'accept-language' => 'zh-CN,zh;q=0.9',
  'cookie' => 'PHPSESSID=kh886cv2e3k4qffl1cs89qnkl2',
  'content-type' => '',
  'content-length' => '',
)
[ info ] [ PARAM ] array (
)
[ info ] [ LANG ] /www/wwwroot/frcw1.52codes.cn/public/../app/index/lang/zh-cn.php
[ info ] [ RUN ] app\index\controller\User->createVerify[ /www/wwwroot/frcw1.52codes.cn/app/index/controller/User.php ]
[ info ] [ SESSION ] INIT array (
  'id' => '',
  'var_session_id' => '',
  'prefix' => 'think',
  'type' => '',
  'auto_start' => true,
)
[ info ] [ LOG ] INIT File
---------------------------------------------------------------
[ 2019-08-20T12:37:35+08:00 ] 101.132.144.145 GET frcw1.52codes.cn/
[运行时间：0.037028s] [吞吐率：27.01req/s] [内存消耗：3,663.09kb] [文件加载：53]
[ info ] [ LANG ] /www/wwwroot/frcw1.52codes.cn/thinkphp/lang/zh-cn.php
[ info ] [ ROUTE ] array (
  'type' => 'module',
  'module' => 
  array (
    0 => '',
    1 => NULL,
    2 => NULL,
  ),
)
[ info ] [ HEADER ] array (
  'user-agent' => 'Mozilla/5.0 (Linux; Android 4.1.1; Nexus 7 Build/JRO03D))',
  'host' => 'frcw1.52codes.cn',
  'connection' => 'Keep-Alive',
  'accept-encoding' => 'gzip',
  'content-type' => '',
  'content-length' => '',
)
[ info ] [ PARAM ] array (
)
[ info ] [ LANG ] /www/wwwroot/frcw1.52codes.cn/public/../app/index/lang/zh-cn.php
[ info ] [ DB ] INIT mysql
[ info ] [ LOG ] INIT File
[ sql ] [ DB ] CONNECT:[ UseTime:0.000496s ] mysql:host=127.0.0.1;dbname=frcw1;charset=utf8
[ sql ] [ SQL ] SHOW COLUMNS FROM `clt_system` [ RunTime:0.001116s ]
[ sql ] [ SQL ] SELECT `open` FROM `clt_system` WHERE  `id` = 1 LIMIT 1 [ RunTime:0.000272s ]
---------------------------------------------------------------
[ 2019-08-20T12:37:35+08:00 ] 101.132.144.145 GET frcw1.52codes.cn/index/user/logins.html
[运行时间：0.024162s] [吞吐率：41.39req/s] [内存消耗：2,527.96kb] [文件加载：45]
[ info ] [ LANG ] /www/wwwroot/frcw1.52codes.cn/thinkphp/lang/zh-cn.php
[ info ] [ ROUTE ] array (
  'type' => 'module',
  'module' => 
  array (
    0 => 'index',
    1 => 'user',
    2 => 'logins',
  ),
)
[ info ] [ HEADER ] array (
  'user-agent' => 'Mozilla/5.0 (Linux; Android 4.1.1; Nexus 7 Build/JRO03D))',
  'host' => 'frcw1.52codes.cn',
  'connection' => 'Keep-Alive',
  'accept-encoding' => 'gzip',
  'content-type' => '',
  'content-length' => '',
)
[ info ] [ PARAM ] array (
)
[ info ] [ LANG ] /www/wwwroot/frcw1.52codes.cn/public/../app/index/lang/zh-cn.php
[ info ] [ RUN ] app\index\controller\User->logins[ /www/wwwroot/frcw1.52codes.cn/app/index/controller/User.php ]
[ info ] [ VIEW ] /www/wwwroot/frcw1.52codes.cn/public/../app/index/view/user/logins.html [ array (
) ]
[ info ] [ LOG ] INIT File
