---------------------------------------------------------------
[ 2019-08-21T11:28:09+08:00 ] 101.132.177.14 GET frcw1.52codes.cn/
[运行时间：0.132537s] [吞吐率：7.55req/s] [内存消耗：3,662.98kb] [文件加载：53]
[ info ] [ LANG ] /www/wwwroot/frcw1.52codes.cn/thinkphp/lang/zh-cn.php
[ info ] [ ROUTE ] array (
  'type' => 'module',
  'module' => 
  array (
    0 => '',
    1 => NULL,
    2 => NULL,
  ),
)
[ info ] [ HEADER ] array (
  'user-agent' => 'Mozilla/5.0 (Linux; Android 4.1.1; Nexus 7 Build/JRO03D))',
  'host' => 'frcw1.52codes.cn',
  'connection' => 'Keep-Alive',
  'accept-encoding' => 'gzip',
  'content-type' => '',
  'content-length' => '',
)
[ info ] [ PARAM ] array (
)
[ info ] [ LANG ] /www/wwwroot/frcw1.52codes.cn/public/../app/index/lang/zh-cn.php
[ info ] [ DB ] INIT mysql
[ info ] [ LOG ] INIT File
[ sql ] [ DB ] CONNECT:[ UseTime:0.000444s ] mysql:host=127.0.0.1;dbname=frcw1;charset=utf8
[ sql ] [ SQL ] SHOW COLUMNS FROM `clt_system` [ RunTime:0.002445s ]
[ sql ] [ SQL ] SELECT `open` FROM `clt_system` WHERE  `id` = 1 LIMIT 1 [ RunTime:0.000320s ]
---------------------------------------------------------------
[ 2019-08-21T11:28:09+08:00 ] 101.132.177.14 GET frcw1.52codes.cn/index/user/logins.html
[运行时间：0.033625s] [吞吐率：29.74req/s] [内存消耗：2,527.80kb] [文件加载：45]
[ info ] [ LANG ] /www/wwwroot/frcw1.52codes.cn/thinkphp/lang/zh-cn.php
[ info ] [ ROUTE ] array (
  'type' => 'module',
  'module' => 
  array (
    0 => 'index',
    1 => 'user',
    2 => 'logins',
  ),
)
[ info ] [ HEADER ] array (
  'user-agent' => 'Mozilla/5.0 (Linux; Android 4.1.1; Nexus 7 Build/JRO03D))',
  'host' => 'frcw1.52codes.cn',
  'connection' => 'Keep-Alive',
  'accept-encoding' => 'gzip',
  'content-type' => '',
  'content-length' => '',
)
[ info ] [ PARAM ] array (
)
[ info ] [ LANG ] /www/wwwroot/frcw1.52codes.cn/public/../app/index/lang/zh-cn.php
[ info ] [ RUN ] app\index\controller\User->logins[ /www/wwwroot/frcw1.52codes.cn/app/index/controller/User.php ]
[ info ] [ VIEW ] /www/wwwroot/frcw1.52codes.cn/public/../app/index/view/user/logins.html [ array (
) ]
[ info ] [ LOG ] INIT File
---------------------------------------------------------------
[ 2019-08-21T12:36:41+08:00 ] 47.74.254.46 GET frcw1.52codes.cn/
[运行时间：0.035072s] [吞吐率：28.51req/s] [内存消耗：3,663.21kb] [文件加载：53]
[ info ] [ LANG ] /www/wwwroot/frcw1.52codes.cn/thinkphp/lang/zh-cn.php
[ info ] [ ROUTE ] array (
  'type' => 'module',
  'module' => 
  array (
    0 => '',
    1 => NULL,
    2 => NULL,
  ),
)
[ info ] [ HEADER ] array (
  'user-agent' => 'Mozilla/5.0 (Linux; Android 4.1.1; Nexus 7 Build/JRO03D))',
  'host' => 'frcw1.52codes.cn',
  'connection' => 'Keep-Alive',
  'accept-encoding' => 'gzip',
  'content-type' => '',
  'content-length' => '',
)
[ info ] [ PARAM ] array (
)
[ info ] [ LANG ] /www/wwwroot/frcw1.52codes.cn/public/../app/index/lang/zh-cn.php
[ info ] [ DB ] INIT mysql
[ info ] [ LOG ] INIT File
[ sql ] [ DB ] CONNECT:[ UseTime:0.000448s ] mysql:host=127.0.0.1;dbname=frcw1;charset=utf8
[ sql ] [ SQL ] SHOW COLUMNS FROM `clt_system` [ RunTime:0.004096s ]
[ sql ] [ SQL ] SELECT `open` FROM `clt_system` WHERE  `id` = 1 LIMIT 1 [ RunTime:0.000333s ]
---------------------------------------------------------------
[ 2019-08-21T12:36:41+08:00 ] 47.74.254.46 GET frcw1.52codes.cn/index/user/logins.html
[运行时间：0.025346s] [吞吐率：39.45req/s] [内存消耗：2,527.96kb] [文件加载：45]
[ info ] [ LANG ] /www/wwwroot/frcw1.52codes.cn/thinkphp/lang/zh-cn.php
[ info ] [ ROUTE ] array (
  'type' => 'module',
  'module' => 
  array (
    0 => 'index',
    1 => 'user',
    2 => 'logins',
  ),
)
[ info ] [ HEADER ] array (
  'user-agent' => 'Mozilla/5.0 (Linux; Android 4.1.1; Nexus 7 Build/JRO03D))',
  'host' => 'frcw1.52codes.cn',
  'connection' => 'Keep-Alive',
  'accept-encoding' => 'gzip',
  'content-type' => '',
  'content-length' => '',
)
[ info ] [ PARAM ] array (
)
[ info ] [ LANG ] /www/wwwroot/frcw1.52codes.cn/public/../app/index/lang/zh-cn.php
[ info ] [ RUN ] app\index\controller\User->logins[ /www/wwwroot/frcw1.52codes.cn/app/index/controller/User.php ]
[ info ] [ VIEW ] /www/wwwroot/frcw1.52codes.cn/public/../app/index/view/user/logins.html [ array (
) ]
[ info ] [ LOG ] INIT File
---------------------------------------------------------------
[ 2019-08-21T17:17:23+08:00 ] 47.74.157.171 GET frcw1.52codes.cn/
[运行时间：0.137120s] [吞吐率：7.29req/s] [内存消耗：3,663.20kb] [文件加载：53]
[ info ] [ LANG ] /www/wwwroot/frcw1.52codes.cn/thinkphp/lang/zh-cn.php
[ info ] [ ROUTE ] array (
  'type' => 'module',
  'module' => 
  array (
    0 => '',
    1 => NULL,
    2 => NULL,
  ),
)
[ info ] [ HEADER ] array (
  'user-agent' => 'Mozilla/5.0 (YunSecurityBot/1.0) Gecko/20100101 Firefox/36.0',
  'host' => 'frcw1.52codes.cn',
  'connection' => 'Keep-Alive',
  'accept-encoding' => 'gzip',
  'content-type' => '',
  'content-length' => '',
)
[ info ] [ PARAM ] array (
)
[ info ] [ LANG ] /www/wwwroot/frcw1.52codes.cn/public/../app/index/lang/zh-cn.php
[ info ] [ DB ] INIT mysql
[ info ] [ LOG ] INIT File
[ sql ] [ DB ] CONNECT:[ UseTime:0.000426s ] mysql:host=127.0.0.1;dbname=frcw1;charset=utf8
[ sql ] [ SQL ] SHOW COLUMNS FROM `clt_system` [ RunTime:0.002494s ]
[ sql ] [ SQL ] SELECT `open` FROM `clt_system` WHERE  `id` = 1 LIMIT 1 [ RunTime:0.000379s ]
---------------------------------------------------------------
[ 2019-08-21T17:17:23+08:00 ] 47.74.157.171 GET frcw1.52codes.cn/index/user/logins.html
[运行时间：0.041282s] [吞吐率：24.22req/s] [内存消耗：2,527.86kb] [文件加载：45]
[ info ] [ LANG ] /www/wwwroot/frcw1.52codes.cn/thinkphp/lang/zh-cn.php
[ info ] [ ROUTE ] array (
  'type' => 'module',
  'module' => 
  array (
    0 => 'index',
    1 => 'user',
    2 => 'logins',
  ),
)
[ info ] [ HEADER ] array (
  'user-agent' => 'Mozilla/5.0 (YunSecurityBot/1.0) Gecko/20100101 Firefox/36.0',
  'host' => 'frcw1.52codes.cn',
  'connection' => 'Keep-Alive',
  'accept-encoding' => 'gzip',
  'content-type' => '',
  'content-length' => '',
)
[ info ] [ PARAM ] array (
)
[ info ] [ LANG ] /www/wwwroot/frcw1.52codes.cn/public/../app/index/lang/zh-cn.php
[ info ] [ RUN ] app\index\controller\User->logins[ /www/wwwroot/frcw1.52codes.cn/app/index/controller/User.php ]
[ info ] [ VIEW ] /www/wwwroot/frcw1.52codes.cn/public/../app/index/view/user/logins.html [ array (
) ]
[ info ] [ LOG ] INIT File
---------------------------------------------------------------
[ 2019-08-21T17:17:24+08:00 ] 47.74.157.171 GET frcw1.52codes.cn/index/user/createverify.html
[运行时间：0.040622s] [吞吐率：24.62req/s] [内存消耗：2,498.77kb] [文件加载：43]
[ info ] [ LANG ] /www/wwwroot/frcw1.52codes.cn/thinkphp/lang/zh-cn.php
[ info ] [ ROUTE ] array (
  'type' => 'module',
  'module' => 
  array (
    0 => 'index',
    1 => 'user',
    2 => 'createverify',
  ),
)
[ info ] [ HEADER ] array (
  'user-agent' => 'Mozilla/5.0 (YunSecurityBot/1.0) Gecko/20100101 Firefox/36.0',
  'host' => 'frcw1.52codes.cn',
  'connection' => 'Keep-Alive',
  'accept-encoding' => 'gzip',
  'content-type' => '',
  'content-length' => '',
)
[ info ] [ PARAM ] array (
)
[ info ] [ LANG ] /www/wwwroot/frcw1.52codes.cn/public/../app/index/lang/zh-cn.php
[ info ] [ RUN ] app\index\controller\User->createVerify[ /www/wwwroot/frcw1.52codes.cn/app/index/controller/User.php ]
[ info ] [ SESSION ] INIT array (
  'id' => '',
  'var_session_id' => '',
  'prefix' => 'think',
  'type' => '',
  'auto_start' => true,
)
[ info ] [ LOG ] INIT File
---------------------------------------------------------------
[ 2019-08-21T17:33:04+08:00 ] 221.218.208.52 GET frcw1.52codes.cn/
[运行时间：0.034381s] [吞吐率：29.09req/s] [内存消耗：3,664.98kb] [文件加载：53]
[ info ] [ LANG ] /www/wwwroot/frcw1.52codes.cn/thinkphp/lang/zh-cn.php
[ info ] [ ROUTE ] array (
  'type' => 'module',
  'module' => 
  array (
    0 => '',
    1 => NULL,
    2 => NULL,
  ),
)
[ info ] [ HEADER ] array (
  'host' => 'frcw1.52codes.cn',
  'connection' => 'keep-alive',
  'upgrade-insecure-requests' => '1',
  'user-agent' => 'Mozilla/5.0 (Windows NT 10.0; WOW64) AppleWebKit/537.36 (KHTML, like Gecko) Chrome/68.0.3440.75 Safari/537.36',
  'accept' => 'text/html,application/xhtml+xml,application/xml;q=0.9,image/webp,image/apng,*/*;q=0.8',
  'accept-encoding' => 'gzip, deflate',
  'accept-language' => 'zh-CN,zh;q=0.9',
  'cookie' => 'UM_distinctid=16b5f1d1e2c1ca-082d3dbc750fc9-514d2f1f-100200-16b5f1d1e2f22; _ga=GA1.2.328969622.1565838357',
  'content-type' => '',
  'content-length' => '',
)
[ info ] [ PARAM ] array (
)
[ info ] [ LANG ] /www/wwwroot/frcw1.52codes.cn/public/../app/index/lang/zh-cn.php
[ info ] [ DB ] INIT mysql
[ info ] [ LOG ] INIT File
[ sql ] [ DB ] CONNECT:[ UseTime:0.000373s ] mysql:host=127.0.0.1;dbname=frcw1;charset=utf8
[ sql ] [ SQL ] SHOW COLUMNS FROM `clt_system` [ RunTime:0.001234s ]
[ sql ] [ SQL ] SELECT `open` FROM `clt_system` WHERE  `id` = 1 LIMIT 1 [ RunTime:0.000300s ]
---------------------------------------------------------------
[ 2019-08-21T17:33:04+08:00 ] 221.218.208.52 GET frcw1.52codes.cn/index/user/logins.html
[运行时间：0.021616s] [吞吐率：46.26req/s] [内存消耗：2,530.19kb] [文件加载：45]
[ info ] [ LANG ] /www/wwwroot/frcw1.52codes.cn/thinkphp/lang/zh-cn.php
[ info ] [ ROUTE ] array (
  'type' => 'module',
  'module' => 
  array (
    0 => 'index',
    1 => 'user',
    2 => 'logins',
  ),
)
[ info ] [ HEADER ] array (
  'host' => 'frcw1.52codes.cn',
  'connection' => 'keep-alive',
  'upgrade-insecure-requests' => '1',
  'user-agent' => 'Mozilla/5.0 (Windows NT 10.0; WOW64) AppleWebKit/537.36 (KHTML, like Gecko) Chrome/68.0.3440.75 Safari/537.36',
  'accept' => 'text/html,application/xhtml+xml,application/xml;q=0.9,image/webp,image/apng,*/*;q=0.8',
  'accept-encoding' => 'gzip, deflate',
  'accept-language' => 'zh-CN,zh;q=0.9',
  'cookie' => 'UM_distinctid=16b5f1d1e2c1ca-082d3dbc750fc9-514d2f1f-100200-16b5f1d1e2f22; _ga=GA1.2.328969622.1565838357; PHPSESSID=6sf2coith3dgbp92m05c09vgg6',
  'content-type' => '',
  'content-length' => '',
)
[ info ] [ PARAM ] array (
)
[ info ] [ LANG ] /www/wwwroot/frcw1.52codes.cn/public/../app/index/lang/zh-cn.php
[ info ] [ RUN ] app\index\controller\User->logins[ /www/wwwroot/frcw1.52codes.cn/app/index/controller/User.php ]
[ info ] [ VIEW ] /www/wwwroot/frcw1.52codes.cn/public/../app/index/view/user/logins.html [ array (
) ]
[ info ] [ LOG ] INIT File
---------------------------------------------------------------
[ 2019-08-21T17:33:04+08:00 ] 221.218.208.52 GET frcw1.52codes.cn/index/user/createverify.html
[运行时间：0.026938s] [吞吐率：37.12req/s] [内存消耗：2,500.61kb] [文件加载：43]
[ info ] [ LANG ] /www/wwwroot/frcw1.52codes.cn/thinkphp/lang/zh-cn.php
[ info ] [ ROUTE ] array (
  'type' => 'module',
  'module' => 
  array (
    0 => 'index',
    1 => 'user',
    2 => 'createverify',
  ),
)
[ info ] [ HEADER ] array (
  'host' => 'frcw1.52codes.cn',
  'connection' => 'keep-alive',
  'user-agent' => 'Mozilla/5.0 (Windows NT 10.0; WOW64) AppleWebKit/537.36 (KHTML, like Gecko) Chrome/68.0.3440.75 Safari/537.36',
  'accept' => 'image/webp,image/apng,image/*,*/*;q=0.8',
  'referer' => 'http://frcw1.52codes.cn/index/user/logins.html',
  'accept-encoding' => 'gzip, deflate',
  'accept-language' => 'zh-CN,zh;q=0.9',
  'cookie' => 'UM_distinctid=16b5f1d1e2c1ca-082d3dbc750fc9-514d2f1f-100200-16b5f1d1e2f22; _ga=GA1.2.328969622.1565838357; PHPSESSID=6sf2coith3dgbp92m05c09vgg6',
  'content-type' => '',
  'content-length' => '',
)
[ info ] [ PARAM ] array (
)
[ info ] [ LANG ] /www/wwwroot/frcw1.52codes.cn/public/../app/index/lang/zh-cn.php
[ info ] [ RUN ] app\index\controller\User->createVerify[ /www/wwwroot/frcw1.52codes.cn/app/index/controller/User.php ]
[ info ] [ SESSION ] INIT array (
  'id' => '',
  'var_session_id' => '',
  'prefix' => 'think',
  'type' => '',
  'auto_start' => true,
)
[ info ] [ LOG ] INIT File
