---------------------------------------------------------------
[ 2019-08-23T12:46:14+08:00 ] 47.97.204.168 GET frcw1.52codes.cn/
[运行时间：0.156489s] [吞吐率：6.39req/s] [内存消耗：3,662.98kb] [文件加载：53]
[ info ] [ LANG ] /www/wwwroot/frcw1.52codes.cn/thinkphp/lang/zh-cn.php
[ info ] [ ROUTE ] array (
  'type' => 'module',
  'module' => 
  array (
    0 => '',
    1 => NULL,
    2 => NULL,
  ),
)
[ info ] [ HEADER ] array (
  'user-agent' => 'Mozilla/5.0 (Linux; Android 4.1.1; Nexus 7 Build/JRO03D))',
  'host' => 'frcw1.52codes.cn',
  'connection' => 'Keep-Alive',
  'accept-encoding' => 'gzip',
  'content-type' => '',
  'content-length' => '',
)
[ info ] [ PARAM ] array (
)
[ info ] [ LANG ] /www/wwwroot/frcw1.52codes.cn/public/../app/index/lang/zh-cn.php
[ info ] [ DB ] INIT mysql
[ info ] [ LOG ] INIT File
[ sql ] [ DB ] CONNECT:[ UseTime:0.000352s ] mysql:host=127.0.0.1;dbname=frcw1;charset=utf8
[ sql ] [ SQL ] SHOW COLUMNS FROM `clt_system` [ RunTime:0.014896s ]
[ sql ] [ SQL ] SELECT `open` FROM `clt_system` WHERE  `id` = 1 LIMIT 1 [ RunTime:0.000364s ]
---------------------------------------------------------------
[ 2019-08-23T12:46:14+08:00 ] 47.97.204.168 GET frcw1.52codes.cn/index/user/logins.html
[运行时间：0.034777s] [吞吐率：28.75req/s] [内存消耗：2,527.96kb] [文件加载：45]
[ info ] [ LANG ] /www/wwwroot/frcw1.52codes.cn/thinkphp/lang/zh-cn.php
[ info ] [ ROUTE ] array (
  'type' => 'module',
  'module' => 
  array (
    0 => 'index',
    1 => 'user',
    2 => 'logins',
  ),
)
[ info ] [ HEADER ] array (
  'user-agent' => 'Mozilla/5.0 (Linux; Android 4.1.1; Nexus 7 Build/JRO03D))',
  'host' => 'frcw1.52codes.cn',
  'connection' => 'Keep-Alive',
  'accept-encoding' => 'gzip',
  'content-type' => '',
  'content-length' => '',
)
[ info ] [ PARAM ] array (
)
[ info ] [ LANG ] /www/wwwroot/frcw1.52codes.cn/public/../app/index/lang/zh-cn.php
[ info ] [ RUN ] app\index\controller\User->logins[ /www/wwwroot/frcw1.52codes.cn/app/index/controller/User.php ]
[ info ] [ VIEW ] /www/wwwroot/frcw1.52codes.cn/public/../app/index/view/user/logins.html [ array (
) ]
[ info ] [ LOG ] INIT File
---------------------------------------------------------------
[ 2019-08-23T16:16:22+08:00 ] 47.74.253.164 GET frcw1.52codes.cn/
[运行时间：0.077948s] [吞吐率：12.83req/s] [内存消耗：3,663.21kb] [文件加载：53]
[ info ] [ LANG ] /www/wwwroot/frcw1.52codes.cn/thinkphp/lang/zh-cn.php
[ info ] [ ROUTE ] array (
  'type' => 'module',
  'module' => 
  array (
    0 => '',
    1 => NULL,
    2 => NULL,
  ),
)
[ info ] [ HEADER ] array (
  'user-agent' => 'Mozilla/5.0 (Linux; Android 4.1.1; Nexus 7 Build/JRO03D))',
  'host' => 'frcw1.52codes.cn',
  'connection' => 'Keep-Alive',
  'accept-encoding' => 'gzip',
  'content-type' => '',
  'content-length' => '',
)
[ info ] [ PARAM ] array (
)
[ info ] [ LANG ] /www/wwwroot/frcw1.52codes.cn/public/../app/index/lang/zh-cn.php
[ info ] [ DB ] INIT mysql
[ info ] [ LOG ] INIT File
[ sql ] [ DB ] CONNECT:[ UseTime:0.000352s ] mysql:host=127.0.0.1;dbname=frcw1;charset=utf8
[ sql ] [ SQL ] SHOW COLUMNS FROM `clt_system` [ RunTime:0.001104s ]
[ sql ] [ SQL ] SELECT `open` FROM `clt_system` WHERE  `id` = 1 LIMIT 1 [ RunTime:0.000253s ]
---------------------------------------------------------------
[ 2019-08-23T16:16:23+08:00 ] 47.74.253.164 GET frcw1.52codes.cn/index/user/logins.html
[运行时间：0.030193s] [吞吐率：33.12req/s] [内存消耗：2,527.96kb] [文件加载：45]
[ info ] [ LANG ] /www/wwwroot/frcw1.52codes.cn/thinkphp/lang/zh-cn.php
[ info ] [ ROUTE ] array (
  'type' => 'module',
  'module' => 
  array (
    0 => 'index',
    1 => 'user',
    2 => 'logins',
  ),
)
[ info ] [ HEADER ] array (
  'user-agent' => 'Mozilla/5.0 (Linux; Android 4.1.1; Nexus 7 Build/JRO03D))',
  'host' => 'frcw1.52codes.cn',
  'connection' => 'Keep-Alive',
  'accept-encoding' => 'gzip',
  'content-type' => '',
  'content-length' => '',
)
[ info ] [ PARAM ] array (
)
[ info ] [ LANG ] /www/wwwroot/frcw1.52codes.cn/public/../app/index/lang/zh-cn.php
[ info ] [ RUN ] app\index\controller\User->logins[ /www/wwwroot/frcw1.52codes.cn/app/index/controller/User.php ]
[ info ] [ VIEW ] /www/wwwroot/frcw1.52codes.cn/public/../app/index/view/user/logins.html [ array (
) ]
[ info ] [ LOG ] INIT File
---------------------------------------------------------------
[ 2019-08-23T19:20:15+08:00 ] 47.74.244.223 GET frcw1.52codes.cn/
[运行时间：0.143642s] [吞吐率：6.96req/s] [内存消耗：3,663.20kb] [文件加载：53]
[ info ] [ LANG ] /www/wwwroot/frcw1.52codes.cn/thinkphp/lang/zh-cn.php
[ info ] [ ROUTE ] array (
  'type' => 'module',
  'module' => 
  array (
    0 => '',
    1 => NULL,
    2 => NULL,
  ),
)
[ info ] [ HEADER ] array (
  'user-agent' => 'Mozilla/5.0 (YunSecurityBot/1.0) Gecko/20100101 Firefox/36.0',
  'host' => 'frcw1.52codes.cn',
  'connection' => 'Keep-Alive',
  'accept-encoding' => 'gzip',
  'content-type' => '',
  'content-length' => '',
)
[ info ] [ PARAM ] array (
)
[ info ] [ LANG ] /www/wwwroot/frcw1.52codes.cn/public/../app/index/lang/zh-cn.php
[ info ] [ DB ] INIT mysql
[ info ] [ LOG ] INIT File
[ sql ] [ DB ] CONNECT:[ UseTime:0.002309s ] mysql:host=127.0.0.1;dbname=frcw1;charset=utf8
[ sql ] [ SQL ] SHOW COLUMNS FROM `clt_system` [ RunTime:0.002706s ]
[ sql ] [ SQL ] SELECT `open` FROM `clt_system` WHERE  `id` = 1 LIMIT 1 [ RunTime:0.000336s ]
---------------------------------------------------------------
[ 2019-08-23T19:20:15+08:00 ] 47.74.244.223 GET frcw1.52codes.cn/index/user/logins.html
[运行时间：0.036725s] [吞吐率：27.23req/s] [内存消耗：2,527.86kb] [文件加载：45]
[ info ] [ LANG ] /www/wwwroot/frcw1.52codes.cn/thinkphp/lang/zh-cn.php
[ info ] [ ROUTE ] array (
  'type' => 'module',
  'module' => 
  array (
    0 => 'index',
    1 => 'user',
    2 => 'logins',
  ),
)
[ info ] [ HEADER ] array (
  'user-agent' => 'Mozilla/5.0 (YunSecurityBot/1.0) Gecko/20100101 Firefox/36.0',
  'host' => 'frcw1.52codes.cn',
  'connection' => 'Keep-Alive',
  'accept-encoding' => 'gzip',
  'content-type' => '',
  'content-length' => '',
)
[ info ] [ PARAM ] array (
)
[ info ] [ LANG ] /www/wwwroot/frcw1.52codes.cn/public/../app/index/lang/zh-cn.php
[ info ] [ RUN ] app\index\controller\User->logins[ /www/wwwroot/frcw1.52codes.cn/app/index/controller/User.php ]
[ info ] [ VIEW ] /www/wwwroot/frcw1.52codes.cn/public/../app/index/view/user/logins.html [ array (
) ]
[ info ] [ LOG ] INIT File
---------------------------------------------------------------
[ 2019-08-23T19:20:15+08:00 ] 47.74.244.223 GET frcw1.52codes.cn/index/user/createverify.html
[运行时间：0.033142s] [吞吐率：30.17req/s] [内存消耗：2,498.71kb] [文件加载：43]
[ info ] [ LANG ] /www/wwwroot/frcw1.52codes.cn/thinkphp/lang/zh-cn.php
[ info ] [ ROUTE ] array (
  'type' => 'module',
  'module' => 
  array (
    0 => 'index',
    1 => 'user',
    2 => 'createverify',
  ),
)
[ info ] [ HEADER ] array (
  'user-agent' => 'Mozilla/5.0 (YunSecurityBot/1.0) Gecko/20100101 Firefox/36.0',
  'host' => 'frcw1.52codes.cn',
  'connection' => 'Keep-Alive',
  'accept-encoding' => 'gzip',
  'content-type' => '',
  'content-length' => '',
)
[ info ] [ PARAM ] array (
)
[ info ] [ LANG ] /www/wwwroot/frcw1.52codes.cn/public/../app/index/lang/zh-cn.php
[ info ] [ RUN ] app\index\controller\User->createVerify[ /www/wwwroot/frcw1.52codes.cn/app/index/controller/User.php ]
[ info ] [ SESSION ] INIT array (
  'id' => '',
  'var_session_id' => '',
  'prefix' => 'think',
  'type' => '',
  'auto_start' => true,
)
[ info ] [ LOG ] INIT File
